Assuming unrestricted shared filesystem usage.
None
host: compute-0-3.local
Building DAG of jobs...
Need to rerun job process_top_kmers because of missing output required by all.
Need to rerun job all because job process_top_kmers has to be rerun.
: False 1
/home/toriowo/SNAKEMAKE/SexDetermination_snakemake/haplome_one_results/kmer_gwas/RhinePhoxinus/top001/assoc_kmers_presab.txt /home/toriowo/SNAKEMAKE/SexDetermination_snakemake/haplome_one_results/kmer_gwas/RhinePhoxinus/top001/plink_abyss_input.txt /home/toriowo/SNAKEMAKE/SexDetermination_snakemake/haplome_one_results/kmer_gwas/RhinePhoxinus/top001/plink_abyss_output.txt /home/toriowo/SNAKEMAKE/SexDetermination_snakemake/haplome_one_results/kmer_gwas/RhinePhoxinus/top001/blast/kmers_blast.out /home/toriowo/SNAKEMAKE/SexDetermination_snakemake/haplome_one_results/kmer_gwas/RhinePhoxinus/top001/blast/mean_contig_len: True 0
shared_storage_local_copies: True
remote_exec: False
Submitting maximum 100 job(s) over 1.0 second(s).
Using shell: /bin/bash
Provided cores: 20
Rules claiming more threads will be scaled down.
Conda environments: ignored
Job stats:
job                  count
-----------------  -------
all                      1
process_top_kmers        1
total                    2

Resources before job selection: {'_cores': 20, '_nodes': 9223372036854775807, '_job_count': 9223372036854775807}
Ready jobs: 1
Select jobs to execute...
Selecting jobs to run using greedy solver.
Selected jobs: 1
Resources after job selection: {'_cores': 4, '_nodes': 9223372036854775806, '_job_count': 100}
Execute 1 jobs...
[Sun Jul 20 22:18:44 2025]
localrule process_top_kmers:
    input: /home/toriowo/SNAKEMAKE/SexDetermination_snakemake/haplome_one_results/kmer_gwas/RhinePhoxinus/top001/top0.01perc_assoc.tab, /home/toriowo/SNAKEMAKE/SexDetermination_snakemake/haplome_one_results/kmer_gwas/RhinePhoxinus/top001/most_assoc_kmers.list
    output: /home/toriowo/SNAKEMAKE/SexDetermination_snakemake/haplome_one_results/kmer_gwas/RhinePhoxinus/top001/assoc_kmers_presab.txt, /home/toriowo/SNAKEMAKE/SexDetermination_snakemake/haplome_one_results/kmer_gwas/RhinePhoxinus/top001/plink_abyss_input.txt, /home/toriowo/SNAKEMAKE/SexDetermination_snakemake/haplome_one_results/kmer_gwas/RhinePhoxinus/top001/plink_abyss_output.txt, /home/toriowo/SNAKEMAKE/SexDetermination_snakemake/haplome_one_results/kmer_gwas/RhinePhoxinus/top001/blast/kmers_blast.out, /home/toriowo/SNAKEMAKE/SexDetermination_snakemake/haplome_one_results/kmer_gwas/RhinePhoxinus/top001/blast/mean_contig_len
    jobid: 1
    reason: Missing output files: /home/toriowo/SNAKEMAKE/SexDetermination_snakemake/haplome_one_results/kmer_gwas/RhinePhoxinus/top001/blast/kmers_blast.out
    threads: 16
    resources: tmpdir=/tmp/1974861.1.medium.q
Shell command: 
        cd /home/toriowo/SNAKEMAKE/SexDetermination_snakemake/haplome_one_results/kmer_gwas/RhinePhoxinus

        #/share/pool/CompGenomVert/Applications/kmersGWAS/bin/filter_kmers -t /home/toriowo/SNAKEMAKE/SexDetermination_snakemake/haplome_one_results/kmer_gwas/RhinePhoxinus/kmers_table -k /home/toriowo/SNAKEMAKE/SexDetermination_snakemake/haplome_one_results/kmer_gwas/RhinePhoxinus/top001/most_assoc_kmers.list -o /home/toriowo/SNAKEMAKE/SexDetermination_snakemake/haplome_one_results/kmer_gwas/RhinePhoxinus/top001/assoc_kmers_presab.txt

        python /share/pool/CompGenomVert/sexchromcichlids_popdata/scripts/SexFindR/plink_to_abyss_kmers.py             /home/toriowo/SNAKEMAKE/SexDetermination_snakemake/haplome_one_results/kmer_gwas/RhinePhoxinus/top001/top0.01perc_assoc.tab /home/toriowo/SNAKEMAKE/SexDetermination_snakemake/haplome_one_results/kmer_gwas/RhinePhoxinus/top001/plink_abyss_input.txt

        ABYSS -k25 -c0 -e0 /home/toriowo/SNAKEMAKE/SexDetermination_snakemake/haplome_one_results/kmer_gwas/RhinePhoxinus/top001/plink_abyss_input.txt -o /home/toriowo/SNAKEMAKE/SexDetermination_snakemake/haplome_one_results/kmer_gwas/RhinePhoxinus/top001/plink_abyss_output.txt

        makeblastdb -in /home/toriowo/Projects/Phoxy_popgen/Final_Phoxy_1_rearranged.fasta -dbtype nucl

        blastn -query /home/toriowo/SNAKEMAKE/SexDetermination_snakemake/haplome_one_results/kmer_gwas/RhinePhoxinus/top001/plink_abyss_output.txt -db /home/toriowo/Projects/Phoxy_popgen/Final_Phoxy_1_rearranged.fasta -outfmt 6 -out /home/toriowo/SNAKEMAKE/SexDetermination_snakemake/haplome_one_results/kmer_gwas/RhinePhoxinus/top001/blast/kmers_blast.out

        cat /home/toriowo/SNAKEMAKE/SexDetermination_snakemake/haplome_one_results/kmer_gwas/RhinePhoxinus/top001/plink_abyss_output.txt | grep ">*" | cut -f 2 -d " " -s > /home/toriowo/SNAKEMAKE/SexDetermination_snakemake/haplome_one_results/kmer_gwas/RhinePhoxinus/top001/blast/mean_contig_len
        
Waiting for running jobs to complete.
Full Traceback (most recent call last):
  File "/home/toriowo/.conda/envs/snakemake/lib/python3.12/site-packages/snakemake/executors/local.py", line 425, in run_wrapper
    run(
  File "/home/toriowo/Snakemake_projects/sexfindr-snakemake/k-mer-based-analyses/workflow/rules/07_blast_kmers.smk", line 55, in __rule_process_top_kmers
  File "/home/toriowo/.conda/envs/snakemake/lib/python3.12/site-packages/snakemake/shell.py", line 358, in __new__
    raise sp.CalledProcessError(retcode, cmd)
subprocess.CalledProcessError: Command 'set -euo pipefail;  
        cd /home/toriowo/SNAKEMAKE/SexDetermination_snakemake/haplome_one_results/kmer_gwas/RhinePhoxinus

        #/share/pool/CompGenomVert/Applications/kmersGWAS/bin/filter_kmers -t /home/toriowo/SNAKEMAKE/SexDetermination_snakemake/haplome_one_results/kmer_gwas/RhinePhoxinus/kmers_table -k /home/toriowo/SNAKEMAKE/SexDetermination_snakemake/haplome_one_results/kmer_gwas/RhinePhoxinus/top001/most_assoc_kmers.list -o /home/toriowo/SNAKEMAKE/SexDetermination_snakemake/haplome_one_results/kmer_gwas/RhinePhoxinus/top001/assoc_kmers_presab.txt

        python /share/pool/CompGenomVert/sexchromcichlids_popdata/scripts/SexFindR/plink_to_abyss_kmers.py             /home/toriowo/SNAKEMAKE/SexDetermination_snakemake/haplome_one_results/kmer_gwas/RhinePhoxinus/top001/top0.01perc_assoc.tab /home/toriowo/SNAKEMAKE/SexDetermination_snakemake/haplome_one_results/kmer_gwas/RhinePhoxinus/top001/plink_abyss_input.txt

        ABYSS -k25 -c0 -e0 /home/toriowo/SNAKEMAKE/SexDetermination_snakemake/haplome_one_results/kmer_gwas/RhinePhoxinus/top001/plink_abyss_input.txt -o /home/toriowo/SNAKEMAKE/SexDetermination_snakemake/haplome_one_results/kmer_gwas/RhinePhoxinus/top001/plink_abyss_output.txt

        makeblastdb -in /home/toriowo/Projects/Phoxy_popgen/Final_Phoxy_1_rearranged.fasta -dbtype nucl

        blastn -query /home/toriowo/SNAKEMAKE/SexDetermination_snakemake/haplome_one_results/kmer_gwas/RhinePhoxinus/top001/plink_abyss_output.txt -db /home/toriowo/Projects/Phoxy_popgen/Final_Phoxy_1_rearranged.fasta -outfmt 6 -out /home/toriowo/SNAKEMAKE/SexDetermination_snakemake/haplome_one_results/kmer_gwas/RhinePhoxinus/top001/blast/kmers_blast.out

        cat /home/toriowo/SNAKEMAKE/SexDetermination_snakemake/haplome_one_results/kmer_gwas/RhinePhoxinus/top001/plink_abyss_output.txt | grep ">*" | cut -f 2 -d " " -s > /home/toriowo/SNAKEMAKE/SexDetermination_snakemake/haplome_one_results/kmer_gwas/RhinePhoxinus/top001/blast/mean_contig_len' returned non-zero exit status 127.

Full Traceback (most recent call last):
  File "/home/toriowo/.conda/envs/snakemake/lib/python3.12/site-packages/snakemake/executors/local.py", line 425, in run_wrapper
    run(
  File "/home/toriowo/Snakemake_projects/sexfindr-snakemake/k-mer-based-analyses/workflow/rules/07_blast_kmers.smk", line 55, in __rule_process_top_kmers
  File "/home/toriowo/.conda/envs/snakemake/lib/python3.12/site-packages/snakemake/shell.py", line 358, in __new__
    raise sp.CalledProcessError(retcode, cmd)
subprocess.CalledProcessError: Command 'set -euo pipefail;  
        cd /home/toriowo/SNAKEMAKE/SexDetermination_snakemake/haplome_one_results/kmer_gwas/RhinePhoxinus

        #/share/pool/CompGenomVert/Applications/kmersGWAS/bin/filter_kmers -t /home/toriowo/SNAKEMAKE/SexDetermination_snakemake/haplome_one_results/kmer_gwas/RhinePhoxinus/kmers_table -k /home/toriowo/SNAKEMAKE/SexDetermination_snakemake/haplome_one_results/kmer_gwas/RhinePhoxinus/top001/most_assoc_kmers.list -o /home/toriowo/SNAKEMAKE/SexDetermination_snakemake/haplome_one_results/kmer_gwas/RhinePhoxinus/top001/assoc_kmers_presab.txt

        python /share/pool/CompGenomVert/sexchromcichlids_popdata/scripts/SexFindR/plink_to_abyss_kmers.py             /home/toriowo/SNAKEMAKE/SexDetermination_snakemake/haplome_one_results/kmer_gwas/RhinePhoxinus/top001/top0.01perc_assoc.tab /home/toriowo/SNAKEMAKE/SexDetermination_snakemake/haplome_one_results/kmer_gwas/RhinePhoxinus/top001/plink_abyss_input.txt

        ABYSS -k25 -c0 -e0 /home/toriowo/SNAKEMAKE/SexDetermination_snakemake/haplome_one_results/kmer_gwas/RhinePhoxinus/top001/plink_abyss_input.txt -o /home/toriowo/SNAKEMAKE/SexDetermination_snakemake/haplome_one_results/kmer_gwas/RhinePhoxinus/top001/plink_abyss_output.txt

        makeblastdb -in /home/toriowo/Projects/Phoxy_popgen/Final_Phoxy_1_rearranged.fasta -dbtype nucl

        blastn -query /home/toriowo/SNAKEMAKE/SexDetermination_snakemake/haplome_one_results/kmer_gwas/RhinePhoxinus/top001/plink_abyss_output.txt -db /home/toriowo/Projects/Phoxy_popgen/Final_Phoxy_1_rearranged.fasta -outfmt 6 -out /home/toriowo/SNAKEMAKE/SexDetermination_snakemake/haplome_one_results/kmer_gwas/RhinePhoxinus/top001/blast/kmers_blast.out

        cat /home/toriowo/SNAKEMAKE/SexDetermination_snakemake/haplome_one_results/kmer_gwas/RhinePhoxinus/top001/plink_abyss_output.txt | grep ">*" | cut -f 2 -d " " -s > /home/toriowo/SNAKEMAKE/SexDetermination_snakemake/haplome_one_results/kmer_gwas/RhinePhoxinus/top001/blast/mean_contig_len' returned non-zero exit status 127.

During handling of the above exception, another exception occurred:

Traceback (most recent call last):
  File "/home/toriowo/.conda/envs/snakemake/lib/python3.12/concurrent/futures/thread.py", line 59, in run
    result = self.fn(*self.args, **self.kwargs)
             ^^^^^^^^^^^^^^^^^^^^^^^^^^^^^^^^^^
  File "/home/toriowo/.conda/envs/snakemake/lib/python3.12/site-packages/snakemake/executors/local.py", line 247, in cached_or_run
    run_func(*args)
  File "/home/toriowo/.conda/envs/snakemake/lib/python3.12/site-packages/snakemake/executors/local.py", line 461, in run_wrapper
    raise RuleException(
snakemake.exceptions.RuleException: CalledProcessError in file "/home/toriowo/Snakemake_projects/sexfindr-snakemake/k-mer-based-analyses/workflow/rules/07_blast_kmers.smk", line 20:
Command 'set -euo pipefail;  
        cd /home/toriowo/SNAKEMAKE/SexDetermination_snakemake/haplome_one_results/kmer_gwas/RhinePhoxinus

        #/share/pool/CompGenomVert/Applications/kmersGWAS/bin/filter_kmers -t /home/toriowo/SNAKEMAKE/SexDetermination_snakemake/haplome_one_results/kmer_gwas/RhinePhoxinus/kmers_table -k /home/toriowo/SNAKEMAKE/SexDetermination_snakemake/haplome_one_results/kmer_gwas/RhinePhoxinus/top001/most_assoc_kmers.list -o /home/toriowo/SNAKEMAKE/SexDetermination_snakemake/haplome_one_results/kmer_gwas/RhinePhoxinus/top001/assoc_kmers_presab.txt

        python /share/pool/CompGenomVert/sexchromcichlids_popdata/scripts/SexFindR/plink_to_abyss_kmers.py             /home/toriowo/SNAKEMAKE/SexDetermination_snakemake/haplome_one_results/kmer_gwas/RhinePhoxinus/top001/top0.01perc_assoc.tab /home/toriowo/SNAKEMAKE/SexDetermination_snakemake/haplome_one_results/kmer_gwas/RhinePhoxinus/top001/plink_abyss_input.txt

        ABYSS -k25 -c0 -e0 /home/toriowo/SNAKEMAKE/SexDetermination_snakemake/haplome_one_results/kmer_gwas/RhinePhoxinus/top001/plink_abyss_input.txt -o /home/toriowo/SNAKEMAKE/SexDetermination_snakemake/haplome_one_results/kmer_gwas/RhinePhoxinus/top001/plink_abyss_output.txt

        makeblastdb -in /home/toriowo/Projects/Phoxy_popgen/Final_Phoxy_1_rearranged.fasta -dbtype nucl

        blastn -query /home/toriowo/SNAKEMAKE/SexDetermination_snakemake/haplome_one_results/kmer_gwas/RhinePhoxinus/top001/plink_abyss_output.txt -db /home/toriowo/Projects/Phoxy_popgen/Final_Phoxy_1_rearranged.fasta -outfmt 6 -out /home/toriowo/SNAKEMAKE/SexDetermination_snakemake/haplome_one_results/kmer_gwas/RhinePhoxinus/top001/blast/kmers_blast.out

        cat /home/toriowo/SNAKEMAKE/SexDetermination_snakemake/haplome_one_results/kmer_gwas/RhinePhoxinus/top001/plink_abyss_output.txt | grep ">*" | cut -f 2 -d " " -s > /home/toriowo/SNAKEMAKE/SexDetermination_snakemake/haplome_one_results/kmer_gwas/RhinePhoxinus/top001/blast/mean_contig_len' returned non-zero exit status 127.

RuleException:
CalledProcessError in file "/home/toriowo/Snakemake_projects/sexfindr-snakemake/k-mer-based-analyses/workflow/rules/07_blast_kmers.smk", line 20:
Command 'set -euo pipefail;  
        cd /home/toriowo/SNAKEMAKE/SexDetermination_snakemake/haplome_one_results/kmer_gwas/RhinePhoxinus

        #/share/pool/CompGenomVert/Applications/kmersGWAS/bin/filter_kmers -t /home/toriowo/SNAKEMAKE/SexDetermination_snakemake/haplome_one_results/kmer_gwas/RhinePhoxinus/kmers_table -k /home/toriowo/SNAKEMAKE/SexDetermination_snakemake/haplome_one_results/kmer_gwas/RhinePhoxinus/top001/most_assoc_kmers.list -o /home/toriowo/SNAKEMAKE/SexDetermination_snakemake/haplome_one_results/kmer_gwas/RhinePhoxinus/top001/assoc_kmers_presab.txt

        python /share/pool/CompGenomVert/sexchromcichlids_popdata/scripts/SexFindR/plink_to_abyss_kmers.py             /home/toriowo/SNAKEMAKE/SexDetermination_snakemake/haplome_one_results/kmer_gwas/RhinePhoxinus/top001/top0.01perc_assoc.tab /home/toriowo/SNAKEMAKE/SexDetermination_snakemake/haplome_one_results/kmer_gwas/RhinePhoxinus/top001/plink_abyss_input.txt

        ABYSS -k25 -c0 -e0 /home/toriowo/SNAKEMAKE/SexDetermination_snakemake/haplome_one_results/kmer_gwas/RhinePhoxinus/top001/plink_abyss_input.txt -o /home/toriowo/SNAKEMAKE/SexDetermination_snakemake/haplome_one_results/kmer_gwas/RhinePhoxinus/top001/plink_abyss_output.txt

        makeblastdb -in /home/toriowo/Projects/Phoxy_popgen/Final_Phoxy_1_rearranged.fasta -dbtype nucl

        blastn -query /home/toriowo/SNAKEMAKE/SexDetermination_snakemake/haplome_one_results/kmer_gwas/RhinePhoxinus/top001/plink_abyss_output.txt -db /home/toriowo/Projects/Phoxy_popgen/Final_Phoxy_1_rearranged.fasta -outfmt 6 -out /home/toriowo/SNAKEMAKE/SexDetermination_snakemake/haplome_one_results/kmer_gwas/RhinePhoxinus/top001/blast/kmers_blast.out

        cat /home/toriowo/SNAKEMAKE/SexDetermination_snakemake/haplome_one_results/kmer_gwas/RhinePhoxinus/top001/plink_abyss_output.txt | grep ">*" | cut -f 2 -d " " -s > /home/toriowo/SNAKEMAKE/SexDetermination_snakemake/haplome_one_results/kmer_gwas/RhinePhoxinus/top001/blast/mean_contig_len' returned non-zero exit status 127.
[Sun Jul 20 22:18:53 2025]
Error in rule process_top_kmers:
    message: None
    jobid: 1
    input: /home/toriowo/SNAKEMAKE/SexDetermination_snakemake/haplome_one_results/kmer_gwas/RhinePhoxinus/top001/top0.01perc_assoc.tab, /home/toriowo/SNAKEMAKE/SexDetermination_snakemake/haplome_one_results/kmer_gwas/RhinePhoxinus/top001/most_assoc_kmers.list
    output: /home/toriowo/SNAKEMAKE/SexDetermination_snakemake/haplome_one_results/kmer_gwas/RhinePhoxinus/top001/assoc_kmers_presab.txt, /home/toriowo/SNAKEMAKE/SexDetermination_snakemake/haplome_one_results/kmer_gwas/RhinePhoxinus/top001/plink_abyss_input.txt, /home/toriowo/SNAKEMAKE/SexDetermination_snakemake/haplome_one_results/kmer_gwas/RhinePhoxinus/top001/plink_abyss_output.txt, /home/toriowo/SNAKEMAKE/SexDetermination_snakemake/haplome_one_results/kmer_gwas/RhinePhoxinus/top001/blast/kmers_blast.out, /home/toriowo/SNAKEMAKE/SexDetermination_snakemake/haplome_one_results/kmer_gwas/RhinePhoxinus/top001/blast/mean_contig_len
    shell:
        
        cd /home/toriowo/SNAKEMAKE/SexDetermination_snakemake/haplome_one_results/kmer_gwas/RhinePhoxinus

        #/share/pool/CompGenomVert/Applications/kmersGWAS/bin/filter_kmers -t /home/toriowo/SNAKEMAKE/SexDetermination_snakemake/haplome_one_results/kmer_gwas/RhinePhoxinus/kmers_table -k /home/toriowo/SNAKEMAKE/SexDetermination_snakemake/haplome_one_results/kmer_gwas/RhinePhoxinus/top001/most_assoc_kmers.list -o /home/toriowo/SNAKEMAKE/SexDetermination_snakemake/haplome_one_results/kmer_gwas/RhinePhoxinus/top001/assoc_kmers_presab.txt

        python /share/pool/CompGenomVert/sexchromcichlids_popdata/scripts/SexFindR/plink_to_abyss_kmers.py             /home/toriowo/SNAKEMAKE/SexDetermination_snakemake/haplome_one_results/kmer_gwas/RhinePhoxinus/top001/top0.01perc_assoc.tab /home/toriowo/SNAKEMAKE/SexDetermination_snakemake/haplome_one_results/kmer_gwas/RhinePhoxinus/top001/plink_abyss_input.txt

        ABYSS -k25 -c0 -e0 /home/toriowo/SNAKEMAKE/SexDetermination_snakemake/haplome_one_results/kmer_gwas/RhinePhoxinus/top001/plink_abyss_input.txt -o /home/toriowo/SNAKEMAKE/SexDetermination_snakemake/haplome_one_results/kmer_gwas/RhinePhoxinus/top001/plink_abyss_output.txt

        makeblastdb -in /home/toriowo/Projects/Phoxy_popgen/Final_Phoxy_1_rearranged.fasta -dbtype nucl

        blastn -query /home/toriowo/SNAKEMAKE/SexDetermination_snakemake/haplome_one_results/kmer_gwas/RhinePhoxinus/top001/plink_abyss_output.txt -db /home/toriowo/Projects/Phoxy_popgen/Final_Phoxy_1_rearranged.fasta -outfmt 6 -out /home/toriowo/SNAKEMAKE/SexDetermination_snakemake/haplome_one_results/kmer_gwas/RhinePhoxinus/top001/blast/kmers_blast.out

        cat /home/toriowo/SNAKEMAKE/SexDetermination_snakemake/haplome_one_results/kmer_gwas/RhinePhoxinus/top001/plink_abyss_output.txt | grep ">*" | cut -f 2 -d " " -s > /home/toriowo/SNAKEMAKE/SexDetermination_snakemake/haplome_one_results/kmer_gwas/RhinePhoxinus/top001/blast/mean_contig_len
        
        (command exited with non-zero exit code)
Removing output files of failed job process_top_kmers since they might be corrupted:
/home/toriowo/SNAKEMAKE/SexDetermination_snakemake/haplome_one_results/kmer_gwas/RhinePhoxinus/top001/plink_abyss_input.txt
Shutting down, this might take some time.
Exiting because a job execution failed. Look below for error messages
[Sun Jul 20 22:18:53 2025]
Error in rule process_top_kmers:
    message: None
    jobid: 1
    input: /home/toriowo/SNAKEMAKE/SexDetermination_snakemake/haplome_one_results/kmer_gwas/RhinePhoxinus/top001/top0.01perc_assoc.tab, /home/toriowo/SNAKEMAKE/SexDetermination_snakemake/haplome_one_results/kmer_gwas/RhinePhoxinus/top001/most_assoc_kmers.list
    output: /home/toriowo/SNAKEMAKE/SexDetermination_snakemake/haplome_one_results/kmer_gwas/RhinePhoxinus/top001/assoc_kmers_presab.txt, /home/toriowo/SNAKEMAKE/SexDetermination_snakemake/haplome_one_results/kmer_gwas/RhinePhoxinus/top001/plink_abyss_input.txt, /home/toriowo/SNAKEMAKE/SexDetermination_snakemake/haplome_one_results/kmer_gwas/RhinePhoxinus/top001/plink_abyss_output.txt, /home/toriowo/SNAKEMAKE/SexDetermination_snakemake/haplome_one_results/kmer_gwas/RhinePhoxinus/top001/blast/kmers_blast.out, /home/toriowo/SNAKEMAKE/SexDetermination_snakemake/haplome_one_results/kmer_gwas/RhinePhoxinus/top001/blast/mean_contig_len
    shell:
        
        cd /home/toriowo/SNAKEMAKE/SexDetermination_snakemake/haplome_one_results/kmer_gwas/RhinePhoxinus

        #/share/pool/CompGenomVert/Applications/kmersGWAS/bin/filter_kmers -t /home/toriowo/SNAKEMAKE/SexDetermination_snakemake/haplome_one_results/kmer_gwas/RhinePhoxinus/kmers_table -k /home/toriowo/SNAKEMAKE/SexDetermination_snakemake/haplome_one_results/kmer_gwas/RhinePhoxinus/top001/most_assoc_kmers.list -o /home/toriowo/SNAKEMAKE/SexDetermination_snakemake/haplome_one_results/kmer_gwas/RhinePhoxinus/top001/assoc_kmers_presab.txt

        python /share/pool/CompGenomVert/sexchromcichlids_popdata/scripts/SexFindR/plink_to_abyss_kmers.py             /home/toriowo/SNAKEMAKE/SexDetermination_snakemake/haplome_one_results/kmer_gwas/RhinePhoxinus/top001/top0.01perc_assoc.tab /home/toriowo/SNAKEMAKE/SexDetermination_snakemake/haplome_one_results/kmer_gwas/RhinePhoxinus/top001/plink_abyss_input.txt

        ABYSS -k25 -c0 -e0 /home/toriowo/SNAKEMAKE/SexDetermination_snakemake/haplome_one_results/kmer_gwas/RhinePhoxinus/top001/plink_abyss_input.txt -o /home/toriowo/SNAKEMAKE/SexDetermination_snakemake/haplome_one_results/kmer_gwas/RhinePhoxinus/top001/plink_abyss_output.txt

        makeblastdb -in /home/toriowo/Projects/Phoxy_popgen/Final_Phoxy_1_rearranged.fasta -dbtype nucl

        blastn -query /home/toriowo/SNAKEMAKE/SexDetermination_snakemake/haplome_one_results/kmer_gwas/RhinePhoxinus/top001/plink_abyss_output.txt -db /home/toriowo/Projects/Phoxy_popgen/Final_Phoxy_1_rearranged.fasta -outfmt 6 -out /home/toriowo/SNAKEMAKE/SexDetermination_snakemake/haplome_one_results/kmer_gwas/RhinePhoxinus/top001/blast/kmers_blast.out

        cat /home/toriowo/SNAKEMAKE/SexDetermination_snakemake/haplome_one_results/kmer_gwas/RhinePhoxinus/top001/plink_abyss_output.txt | grep ">*" | cut -f 2 -d " " -s > /home/toriowo/SNAKEMAKE/SexDetermination_snakemake/haplome_one_results/kmer_gwas/RhinePhoxinus/top001/blast/mean_contig_len
        
        (command exited with non-zero exit code)
Complete log(s): /home/toriowo/Snakemake_projects/sexfindr-snakemake/k-mer-based-analyses/.snakemake/log/2025-07-20T221844.244770.snakemake.log
unlocking
removing lock
removing lock
removed all locks
Full Traceback (most recent call last):
  File "/home/toriowo/.conda/envs/snakemake/lib/python3.12/site-packages/snakemake/cli.py", line 2165, in args_to_api
    dag_api.execute_workflow(
  File "/home/toriowo/.conda/envs/snakemake/lib/python3.12/site-packages/snakemake/api.py", line 603, in execute_workflow
    workflow.execute(
  File "/home/toriowo/.conda/envs/snakemake/lib/python3.12/site-packages/snakemake/workflow.py", line 1451, in execute
    raise WorkflowError("At least one job did not complete successfully.")
snakemake_interface_common.exceptions.WorkflowError: At least one job did not complete successfully.

WorkflowError:
At least one job did not complete successfully.
