Assuming unrestricted shared filesystem usage.
None
host: compute-0-6.local
Building DAG of jobs...
Need to rerun job process_top_kmers because of missing output required by all.
Need to rerun job all because job process_top_kmers has to be rerun.
: False 1
/home/toriowo/SNAKEMAKE/SexDetermination_snakemake/haplome_one_results/kmer_gwas/RhinePhoxinus/top001/assoc_kmers_presab.txt /home/toriowo/SNAKEMAKE/SexDetermination_snakemake/haplome_one_results/kmer_gwas/RhinePhoxinus/top001/plink_abyss_input.txt /home/toriowo/SNAKEMAKE/SexDetermination_snakemake/haplome_one_results/kmer_gwas/RhinePhoxinus/top001/plink_abyss_output.txt /home/toriowo/SNAKEMAKE/SexDetermination_snakemake/haplome_one_results/kmer_gwas/RhinePhoxinus/top001/blast/kmers_blast.out /home/toriowo/SNAKEMAKE/SexDetermination_snakemake/haplome_one_results/kmer_gwas/RhinePhoxinus/top001/blast/mean_contig_len: True 0
shared_storage_local_copies: True
remote_exec: False
Submitting maximum 100 job(s) over 1.0 second(s).
Using shell: /bin/bash
Provided cores: 20
Rules claiming more threads will be scaled down.
Conda environments: ignored
Job stats:
job                  count
-----------------  -------
all                      1
process_top_kmers        1
total                    2

Resources before job selection: {'_cores': 20, '_nodes': 9223372036854775807, '_job_count': 9223372036854775807}
Ready jobs: 1
Select jobs to execute...
Selecting jobs to run using greedy solver.
Selected jobs: 1
Resources after job selection: {'_cores': 4, '_nodes': 9223372036854775806, '_job_count': 100}
Execute 1 jobs...
[Sun Jul 20 22:35:59 2025]
localrule process_top_kmers:
    input: /home/toriowo/SNAKEMAKE/SexDetermination_snakemake/haplome_one_results/kmer_gwas/RhinePhoxinus/top001/top0.01perc_assoc.tab, /home/toriowo/SNAKEMAKE/SexDetermination_snakemake/haplome_one_results/kmer_gwas/RhinePhoxinus/top001/most_assoc_kmers.list
    output: /home/toriowo/SNAKEMAKE/SexDetermination_snakemake/haplome_one_results/kmer_gwas/RhinePhoxinus/top001/assoc_kmers_presab.txt, /home/toriowo/SNAKEMAKE/SexDetermination_snakemake/haplome_one_results/kmer_gwas/RhinePhoxinus/top001/plink_abyss_input.txt, /home/toriowo/SNAKEMAKE/SexDetermination_snakemake/haplome_one_results/kmer_gwas/RhinePhoxinus/top001/plink_abyss_output.txt, /home/toriowo/SNAKEMAKE/SexDetermination_snakemake/haplome_one_results/kmer_gwas/RhinePhoxinus/top001/blast/kmers_blast.out, /home/toriowo/SNAKEMAKE/SexDetermination_snakemake/haplome_one_results/kmer_gwas/RhinePhoxinus/top001/blast/mean_contig_len
    jobid: 1
    reason: Missing output files: /home/toriowo/SNAKEMAKE/SexDetermination_snakemake/haplome_one_results/kmer_gwas/RhinePhoxinus/top001/blast/kmers_blast.out
    threads: 16
    resources: tmpdir=/tmp/1974862.1.large.q
Shell command: 
        cd /home/toriowo/SNAKEMAKE/SexDetermination_snakemake/haplome_one_results/kmer_gwas/RhinePhoxinus

        #/share/pool/CompGenomVert/Applications/kmersGWAS/bin/filter_kmers -t /home/toriowo/SNAKEMAKE/SexDetermination_snakemake/haplome_one_results/kmer_gwas/RhinePhoxinus/kmers_table -k /home/toriowo/SNAKEMAKE/SexDetermination_snakemake/haplome_one_results/kmer_gwas/RhinePhoxinus/top001/most_assoc_kmers.list -o /home/toriowo/SNAKEMAKE/SexDetermination_snakemake/haplome_one_results/kmer_gwas/RhinePhoxinus/top001/assoc_kmers_presab.txt

        python /share/pool/CompGenomVert/sexchromcichlids_popdata/scripts/SexFindR/plink_to_abyss_kmers.py             /home/toriowo/SNAKEMAKE/SexDetermination_snakemake/haplome_one_results/kmer_gwas/RhinePhoxinus/top001/top0.01perc_assoc.tab /home/toriowo/SNAKEMAKE/SexDetermination_snakemake/haplome_one_results/kmer_gwas/RhinePhoxinus/top001/plink_abyss_input.txt

        ABYSS -k25 -c0 -e0 /home/toriowo/SNAKEMAKE/SexDetermination_snakemake/haplome_one_results/kmer_gwas/RhinePhoxinus/top001/plink_abyss_input.txt -o /home/toriowo/SNAKEMAKE/SexDetermination_snakemake/haplome_one_results/kmer_gwas/RhinePhoxinus/top001/plink_abyss_output.txt

        makeblastdb -in /home/toriowo/Projects/Phoxy_popgen/Final_Phoxy_1_rearranged.fasta -dbtype nucl

        blastn -query /home/toriowo/SNAKEMAKE/SexDetermination_snakemake/haplome_one_results/kmer_gwas/RhinePhoxinus/top001/plink_abyss_output.txt -db /home/toriowo/Projects/Phoxy_popgen/Final_Phoxy_1_rearranged.fasta -outfmt 6 -out /home/toriowo/SNAKEMAKE/SexDetermination_snakemake/haplome_one_results/kmer_gwas/RhinePhoxinus/top001/blast/kmers_blast.out

        cat /home/toriowo/SNAKEMAKE/SexDetermination_snakemake/haplome_one_results/kmer_gwas/RhinePhoxinus/top001/plink_abyss_output.txt | grep ">*" | cut -f 2 -d " " -s > /home/toriowo/SNAKEMAKE/SexDetermination_snakemake/haplome_one_results/kmer_gwas/RhinePhoxinus/top001/blast/mean_contig_len
        
Waiting for running jobs to complete.
Waiting at most 300 seconds for missing files:
/home/toriowo/SNAKEMAKE/SexDetermination_snakemake/haplome_one_results/kmer_gwas/RhinePhoxinus/top001/assoc_kmers_presab.txt (missing locally)
still missing files, waiting...
still missing files, waiting...
still missing files, waiting...
still missing files, waiting...
still missing files, waiting...
still missing files, waiting...
still missing files, waiting...
still missing files, waiting...
still missing files, waiting...
still missing files, waiting...
Full Traceback (most recent call last):
  File "/home/toriowo/.conda/envs/snakemake/lib/python3.12/site-packages/snakemake/dag.py", line 773, in check_and_touch_output
    await wait_for_files(
  File "/home/toriowo/.conda/envs/snakemake/lib/python3.12/site-packages/snakemake/io/__init__.py", line 1053, in wait_for_files
    raise IOError(
OSError: Missing files after 300 seconds. This might be due to filesystem latency. If that is the case, consider to increase the wait time with --latency-wait:
/home/toriowo/SNAKEMAKE/SexDetermination_snakemake/haplome_one_results/kmer_gwas/RhinePhoxinus/top001/assoc_kmers_presab.txt (missing locally, parent dir contents: most_assoc_kmers.list, plink_abyss_output.txt, plink_abyss_input.txt, top0.01perc_assoc.tab, blast_old, blast)

During handling of the above exception, another exception occurred:

Traceback (most recent call last):
  File "/home/toriowo/.conda/envs/snakemake/lib/python3.12/site-packages/snakemake/scheduler.py", line 375, in postprocess
    await job.postprocess(
  File "/home/toriowo/.conda/envs/snakemake/lib/python3.12/site-packages/snakemake/jobs.py", line 1257, in postprocess
    raise e
  File "/home/toriowo/.conda/envs/snakemake/lib/python3.12/site-packages/snakemake/jobs.py", line 1209, in postprocess
    await self.dag.check_and_touch_output(
  File "/home/toriowo/.conda/envs/snakemake/lib/python3.12/site-packages/snakemake/dag.py", line 780, in check_and_touch_output
    raise MissingOutputException(
snakemake.exceptions.MissingOutputException: Job 1  completed successfully, but some output files are missing. Missing files after 300 seconds. This might be due to filesystem latency. If that is the case, consider to increase the wait time with --latency-wait:
/home/toriowo/SNAKEMAKE/SexDetermination_snakemake/haplome_one_results/kmer_gwas/RhinePhoxinus/top001/assoc_kmers_presab.txt (missing locally, parent dir contents: most_assoc_kmers.list, plink_abyss_output.txt, plink_abyss_input.txt, top0.01perc_assoc.tab, blast_old, blast)

MissingOutputException in rule process_top_kmers in file "/home/toriowo/Snakemake_projects/sexfindr-snakemake/k-mer-based-analyses/workflow/rules/07_blast_kmers.smk", line 1:
Job 1  completed successfully, but some output files are missing. Missing files after 300 seconds. This might be due to filesystem latency. If that is the case, consider to increase the wait time with --latency-wait:
/home/toriowo/SNAKEMAKE/SexDetermination_snakemake/haplome_one_results/kmer_gwas/RhinePhoxinus/top001/assoc_kmers_presab.txt (missing locally, parent dir contents: most_assoc_kmers.list, plink_abyss_output.txt, plink_abyss_input.txt, top0.01perc_assoc.tab, blast_old, blast)
Removing output files of failed job process_top_kmers since they might be corrupted:
/home/toriowo/SNAKEMAKE/SexDetermination_snakemake/haplome_one_results/kmer_gwas/RhinePhoxinus/top001/plink_abyss_input.txt, /home/toriowo/SNAKEMAKE/SexDetermination_snakemake/haplome_one_results/kmer_gwas/RhinePhoxinus/top001/plink_abyss_output.txt, /home/toriowo/SNAKEMAKE/SexDetermination_snakemake/haplome_one_results/kmer_gwas/RhinePhoxinus/top001/blast/kmers_blast.out, /home/toriowo/SNAKEMAKE/SexDetermination_snakemake/haplome_one_results/kmer_gwas/RhinePhoxinus/top001/blast/mean_contig_len
Shutting down, this might take some time.
Exiting because a job execution failed. Look below for error messages
[Sun Jul 20 22:46:11 2025]
Error in rule process_top_kmers:
    message: None
    jobid: 1
    input: /home/toriowo/SNAKEMAKE/SexDetermination_snakemake/haplome_one_results/kmer_gwas/RhinePhoxinus/top001/top0.01perc_assoc.tab, /home/toriowo/SNAKEMAKE/SexDetermination_snakemake/haplome_one_results/kmer_gwas/RhinePhoxinus/top001/most_assoc_kmers.list
    output: /home/toriowo/SNAKEMAKE/SexDetermination_snakemake/haplome_one_results/kmer_gwas/RhinePhoxinus/top001/assoc_kmers_presab.txt, /home/toriowo/SNAKEMAKE/SexDetermination_snakemake/haplome_one_results/kmer_gwas/RhinePhoxinus/top001/plink_abyss_input.txt, /home/toriowo/SNAKEMAKE/SexDetermination_snakemake/haplome_one_results/kmer_gwas/RhinePhoxinus/top001/plink_abyss_output.txt, /home/toriowo/SNAKEMAKE/SexDetermination_snakemake/haplome_one_results/kmer_gwas/RhinePhoxinus/top001/blast/kmers_blast.out, /home/toriowo/SNAKEMAKE/SexDetermination_snakemake/haplome_one_results/kmer_gwas/RhinePhoxinus/top001/blast/mean_contig_len
    shell:
        
        cd /home/toriowo/SNAKEMAKE/SexDetermination_snakemake/haplome_one_results/kmer_gwas/RhinePhoxinus

        #/share/pool/CompGenomVert/Applications/kmersGWAS/bin/filter_kmers -t /home/toriowo/SNAKEMAKE/SexDetermination_snakemake/haplome_one_results/kmer_gwas/RhinePhoxinus/kmers_table -k /home/toriowo/SNAKEMAKE/SexDetermination_snakemake/haplome_one_results/kmer_gwas/RhinePhoxinus/top001/most_assoc_kmers.list -o /home/toriowo/SNAKEMAKE/SexDetermination_snakemake/haplome_one_results/kmer_gwas/RhinePhoxinus/top001/assoc_kmers_presab.txt

        python /share/pool/CompGenomVert/sexchromcichlids_popdata/scripts/SexFindR/plink_to_abyss_kmers.py             /home/toriowo/SNAKEMAKE/SexDetermination_snakemake/haplome_one_results/kmer_gwas/RhinePhoxinus/top001/top0.01perc_assoc.tab /home/toriowo/SNAKEMAKE/SexDetermination_snakemake/haplome_one_results/kmer_gwas/RhinePhoxinus/top001/plink_abyss_input.txt

        ABYSS -k25 -c0 -e0 /home/toriowo/SNAKEMAKE/SexDetermination_snakemake/haplome_one_results/kmer_gwas/RhinePhoxinus/top001/plink_abyss_input.txt -o /home/toriowo/SNAKEMAKE/SexDetermination_snakemake/haplome_one_results/kmer_gwas/RhinePhoxinus/top001/plink_abyss_output.txt

        makeblastdb -in /home/toriowo/Projects/Phoxy_popgen/Final_Phoxy_1_rearranged.fasta -dbtype nucl

        blastn -query /home/toriowo/SNAKEMAKE/SexDetermination_snakemake/haplome_one_results/kmer_gwas/RhinePhoxinus/top001/plink_abyss_output.txt -db /home/toriowo/Projects/Phoxy_popgen/Final_Phoxy_1_rearranged.fasta -outfmt 6 -out /home/toriowo/SNAKEMAKE/SexDetermination_snakemake/haplome_one_results/kmer_gwas/RhinePhoxinus/top001/blast/kmers_blast.out

        cat /home/toriowo/SNAKEMAKE/SexDetermination_snakemake/haplome_one_results/kmer_gwas/RhinePhoxinus/top001/plink_abyss_output.txt | grep ">*" | cut -f 2 -d " " -s > /home/toriowo/SNAKEMAKE/SexDetermination_snakemake/haplome_one_results/kmer_gwas/RhinePhoxinus/top001/blast/mean_contig_len
        
        (command exited with non-zero exit code)
Complete log(s): /home/toriowo/Snakemake_projects/sexfindr-snakemake/k-mer-based-analyses/.snakemake/log/2025-07-20T223559.518213.snakemake.log
unlocking
removing lock
removing lock
removed all locks
Full Traceback (most recent call last):
  File "/home/toriowo/.conda/envs/snakemake/lib/python3.12/site-packages/snakemake/cli.py", line 2165, in args_to_api
    dag_api.execute_workflow(
  File "/home/toriowo/.conda/envs/snakemake/lib/python3.12/site-packages/snakemake/api.py", line 603, in execute_workflow
    workflow.execute(
  File "/home/toriowo/.conda/envs/snakemake/lib/python3.12/site-packages/snakemake/workflow.py", line 1451, in execute
    raise WorkflowError("At least one job did not complete successfully.")
snakemake_interface_common.exceptions.WorkflowError: At least one job did not complete successfully.

WorkflowError:
At least one job did not complete successfully.
