Building DAG of jobs...
Full Traceback (most recent call last):
  File "/home/toriowo/.conda/envs/snakemake/lib/python3.10/site-packages/snakemake/__init__.py", line 733, in snakemake
    success = workflow.execute(
  File "/home/toriowo/.conda/envs/snakemake/lib/python3.10/site-packages/snakemake/workflow.py", line 739, in execute
    dag.init()
  File "/home/toriowo/.conda/envs/snakemake/lib/python3.10/site-packages/snakemake/dag.py", line 192, in init
    job = self.update([job], progress=progress, create_inventory=True)
  File "/home/toriowo/.conda/envs/snakemake/lib/python3.10/site-packages/snakemake/dag.py", line 881, in update
    raise exceptions[0]
  File "/home/toriowo/.conda/envs/snakemake/lib/python3.10/site-packages/snakemake/dag.py", line 839, in update
    self.update_(
  File "/home/toriowo/.conda/envs/snakemake/lib/python3.10/site-packages/snakemake/dag.py", line 1000, in update_
    raise MissingInputException(job, missing_input)
snakemake.exceptions.MissingInputException: Missing input files for rule all:
    affected files:
        results/pi/DanubeCsikii/DanubeCsikii_Female_10k_nucleotide_diversity.windowed.pi
        results/pi/RhinePhoxinus/RhinePhoxinus_Male_10k_nucleotide_diversity.windowed.pi
        results/pi/DanubeCsikii/DanubeCsikii_Male_10k_nucleotide_diversity.windowed.pi
        results/pi/RhinePhoxinus/RhinePhoxinus_Female_10k_nucleotide_diversity.windowed.pi

MissingInputException in rule all in line 60 of /home/toriowo/Snakemake_projects/phoxinus_sex_determination/Snakefile:
Missing input files for rule all:
    affected files:
        results/pi/DanubeCsikii/DanubeCsikii_Female_10k_nucleotide_diversity.windowed.pi
        results/pi/RhinePhoxinus/RhinePhoxinus_Male_10k_nucleotide_diversity.windowed.pi
        results/pi/DanubeCsikii/DanubeCsikii_Male_10k_nucleotide_diversity.windowed.pi
        results/pi/RhinePhoxinus/RhinePhoxinus_Female_10k_nucleotide_diversity.windowed.pi
