Assuming unrestricted shared filesystem usage.
None
host: compute-0-1.local
Building DAG of jobs...
Need to rerun job extract_individual_bcfs_male because of missing output required by all.
Need to rerun job extract_individual_bcfs_male because of missing output required by all.
Need to rerun job extract_individual_bcfs_male because of missing output required by all.
Need to rerun job extract_individual_bcfs_male because of missing output required by all.
Need to rerun job extract_individual_bcfs_male because of missing output required by all.
Need to rerun job extract_individual_bcfs_male because of missing output required by all.
Need to rerun job extract_individual_bcfs_male because of missing output required by all.
Need to rerun job extract_individual_bcfs_male because of missing output required by all.
Need to rerun job extract_individual_bcfs_male because of missing output required by all.
Need to rerun job extract_individual_bcfs_male because of missing output required by all.
Need to rerun job extract_individual_bcfs_male because of missing output required by all.
Need to rerun job extract_individual_bcfs_male because of missing output required by all.
Need to rerun job extract_individual_bcfs_male because of missing output required by all.
Need to rerun job extract_individual_bcfs_male because of missing output required by all.
Need to rerun job extract_individual_bcfs_male because of missing output required by all.
Need to rerun job extract_individual_bcfs_male because of missing output required by all.
Need to rerun job extract_individual_bcfs_male because of missing output required by all.
Need to rerun job extract_individual_bcfs_male because of missing output required by all.
Need to rerun job extract_individual_bcfs_male because of missing output required by all.
Need to rerun job extract_individual_bcfs_male because of missing output required by all.
Need to rerun job extract_individual_bcfs_male because of missing output required by all.
Need to rerun job extract_individual_bcfs_male because of missing output required by all.
Need to rerun job extract_individual_bcfs_male because of missing output required by all.
Need to rerun job extract_individual_bcfs_male because of missing output required by all.
Need to rerun job extract_individual_bcfs_male because of missing output required by all.
Need to rerun job extract_individual_bcfs_male because of missing output required by all.
Need to rerun job extract_individual_bcfs_male because of missing output required by all.
Need to rerun job extract_individual_bcfs_male because of missing output required by all.
Need to rerun job extract_individual_bcfs_male because of missing output required by all.
Need to rerun job extract_individual_bcfs_male because of missing output required by all.
Need to rerun job extract_individual_bcfs_male because of missing output required by all.
Need to rerun job extract_individual_bcfs_male because of missing output required by all.
Need to rerun job extract_individual_bcfs_male because of missing output required by all.
Need to rerun job extract_individual_bcfs_male because of missing output required by all.
Need to rerun job extract_individual_bcfs_male because of missing output required by all.
Need to rerun job extract_individual_bcfs_male because of missing output required by all.
Need to rerun job extract_individual_bcfs_male because of missing output required by all.
Need to rerun job extract_individual_bcfs_male because of missing output required by all.
Need to rerun job extract_individual_bcfs_male because of missing output required by all.
Need to rerun job extract_individual_bcfs_male because of missing output required by all.
Need to rerun job extract_individual_bcfs_male because of missing output required by all.
Need to rerun job extract_individual_bcfs_male because of missing output required by all.
Need to rerun job extract_individual_bcfs_female because of missing output required by all.
Need to rerun job extract_individual_bcfs_female because of missing output required by all.
Need to rerun job extract_individual_bcfs_female because of missing output required by all.
Need to rerun job extract_individual_bcfs_female because of missing output required by all.
Need to rerun job extract_individual_bcfs_female because of missing output required by all.
Need to rerun job extract_individual_bcfs_female because of missing output required by all.
Need to rerun job extract_individual_bcfs_female because of missing output required by all.
Need to rerun job extract_individual_bcfs_female because of missing output required by all.
Need to rerun job extract_individual_bcfs_female because of missing output required by all.
Need to rerun job extract_individual_bcfs_female because of missing output required by all.
Need to rerun job extract_individual_bcfs_female because of missing output required by all.
Need to rerun job extract_individual_bcfs_female because of missing output required by all.
Need to rerun job extract_individual_bcfs_female because of missing output required by all.
Need to rerun job extract_individual_bcfs_female because of missing output required by all.
Need to rerun job extract_individual_bcfs_female because of missing output required by all.
Need to rerun job extract_individual_bcfs_female because of missing output required by all.
Need to rerun job extract_individual_bcfs_female because of missing output required by all.
Need to rerun job extract_individual_bcfs_female because of missing output required by all.
Need to rerun job extract_individual_bcfs_female because of missing output required by all.
Need to rerun job extract_individual_bcfs_female because of missing output required by all.
Need to rerun job extract_individual_bcfs_female because of missing output required by all.
Need to rerun job extract_individual_bcfs_female because of missing output required by all.
Need to rerun job extract_individual_bcfs_female because of missing output required by all.
Need to rerun job extract_individual_bcfs_female because of missing output required by all.
Need to rerun job extract_individual_bcfs_female because of missing output required by all.
Need to rerun job extract_individual_bcfs_female because of missing output required by all.
Need to rerun job extract_individual_bcfs_female because of missing output required by all.
Need to rerun job extract_individual_bcfs_female because of missing output required by all.
Need to rerun job extract_individual_bcfs_female because of missing output required by all.
Need to rerun job extract_individual_bcfs_female because of missing output required by all.
Need to rerun job extract_individual_bcfs_female because of missing output required by all.
Need to rerun job extract_individual_bcfs_female because of missing output required by all.
Need to rerun job extract_individual_bcfs_female because of missing output required by all.
Need to rerun job extract_individual_bcfs_female because of missing output required by all.
Need to rerun job extract_individual_bcfs_female because of missing output required by all.
Need to rerun job extract_individual_bcfs_female because of missing output required by all.
Need to rerun job extract_individual_bcfs_female because of missing output required by all.
Need to rerun job extract_individual_bcfs_female because of missing output required by all.
Need to rerun job extract_individual_bcfs_female because of missing output required by all.
Need to rerun job extract_individual_bcfs_female because of missing output required by all.
Need to rerun job extract_individual_bcfs_female because of missing output required by all.
Need to rerun job extract_individual_bcfs_female because of missing output required by all.
Need to rerun job all because job extract_individual_bcfs_male has to be rerun.
Need to rerun job all because job extract_individual_bcfs_male has to be rerun.
Need to rerun job all because job extract_individual_bcfs_male has to be rerun.
Need to rerun job all because job extract_individual_bcfs_male has to be rerun.
Need to rerun job all because job extract_individual_bcfs_male has to be rerun.
Need to rerun job all because job extract_individual_bcfs_male has to be rerun.
Need to rerun job all because job extract_individual_bcfs_male has to be rerun.
Need to rerun job all because job extract_individual_bcfs_male has to be rerun.
Need to rerun job all because job extract_individual_bcfs_male has to be rerun.
Need to rerun job all because job extract_individual_bcfs_male has to be rerun.
Need to rerun job all because job extract_individual_bcfs_male has to be rerun.
Need to rerun job all because job extract_individual_bcfs_male has to be rerun.
Need to rerun job all because job extract_individual_bcfs_male has to be rerun.
Need to rerun job all because job extract_individual_bcfs_male has to be rerun.
Need to rerun job all because job extract_individual_bcfs_male has to be rerun.
Need to rerun job all because job extract_individual_bcfs_male has to be rerun.
Need to rerun job all because job extract_individual_bcfs_male has to be rerun.
Need to rerun job all because job extract_individual_bcfs_male has to be rerun.
Need to rerun job all because job extract_individual_bcfs_male has to be rerun.
Need to rerun job all because job extract_individual_bcfs_male has to be rerun.
Need to rerun job all because job extract_individual_bcfs_male has to be rerun.
Need to rerun job all because job extract_individual_bcfs_male has to be rerun.
Need to rerun job all because job extract_individual_bcfs_male has to be rerun.
Need to rerun job all because job extract_individual_bcfs_male has to be rerun.
Need to rerun job all because job extract_individual_bcfs_male has to be rerun.
Need to rerun job all because job extract_individual_bcfs_male has to be rerun.
Need to rerun job all because job extract_individual_bcfs_male has to be rerun.
Need to rerun job all because job extract_individual_bcfs_male has to be rerun.
Need to rerun job all because job extract_individual_bcfs_male has to be rerun.
Need to rerun job all because job extract_individual_bcfs_male has to be rerun.
Need to rerun job all because job extract_individual_bcfs_male has to be rerun.
Need to rerun job all because job extract_individual_bcfs_male has to be rerun.
Need to rerun job all because job extract_individual_bcfs_male has to be rerun.
Need to rerun job all because job extract_individual_bcfs_male has to be rerun.
Need to rerun job all because job extract_individual_bcfs_male has to be rerun.
Need to rerun job all because job extract_individual_bcfs_male has to be rerun.
Need to rerun job all because job extract_individual_bcfs_male has to be rerun.
Need to rerun job all because job extract_individual_bcfs_male has to be rerun.
Need to rerun job all because job extract_individual_bcfs_male has to be rerun.
Need to rerun job all because job extract_individual_bcfs_male has to be rerun.
Need to rerun job all because job extract_individual_bcfs_male has to be rerun.
Need to rerun job all because job extract_individual_bcfs_male has to be rerun.
Need to rerun job all because job extract_individual_bcfs_female has to be rerun.
Need to rerun job all because job extract_individual_bcfs_female has to be rerun.
Need to rerun job all because job extract_individual_bcfs_female has to be rerun.
Need to rerun job all because job extract_individual_bcfs_female has to be rerun.
Need to rerun job all because job extract_individual_bcfs_female has to be rerun.
Need to rerun job all because job extract_individual_bcfs_female has to be rerun.
Need to rerun job all because job extract_individual_bcfs_female has to be rerun.
Need to rerun job all because job extract_individual_bcfs_female has to be rerun.
Need to rerun job all because job extract_individual_bcfs_female has to be rerun.
Need to rerun job all because job extract_individual_bcfs_female has to be rerun.
Need to rerun job all because job extract_individual_bcfs_female has to be rerun.
Need to rerun job all because job extract_individual_bcfs_female has to be rerun.
Need to rerun job all because job extract_individual_bcfs_female has to be rerun.
Need to rerun job all because job extract_individual_bcfs_female has to be rerun.
Need to rerun job all because job extract_individual_bcfs_female has to be rerun.
Need to rerun job all because job extract_individual_bcfs_female has to be rerun.
Need to rerun job all because job extract_individual_bcfs_female has to be rerun.
Need to rerun job all because job extract_individual_bcfs_female has to be rerun.
Need to rerun job all because job extract_individual_bcfs_female has to be rerun.
Need to rerun job all because job extract_individual_bcfs_female has to be rerun.
Need to rerun job all because job extract_individual_bcfs_female has to be rerun.
Need to rerun job all because job extract_individual_bcfs_female has to be rerun.
Need to rerun job all because job extract_individual_bcfs_female has to be rerun.
Need to rerun job all because job extract_individual_bcfs_female has to be rerun.
Need to rerun job all because job extract_individual_bcfs_female has to be rerun.
Need to rerun job all because job extract_individual_bcfs_female has to be rerun.
Need to rerun job all because job extract_individual_bcfs_female has to be rerun.
Need to rerun job all because job extract_individual_bcfs_female has to be rerun.
Need to rerun job all because job extract_individual_bcfs_female has to be rerun.
Need to rerun job all because job extract_individual_bcfs_female has to be rerun.
Need to rerun job all because job extract_individual_bcfs_female has to be rerun.
Need to rerun job all because job extract_individual_bcfs_female has to be rerun.
Need to rerun job all because job extract_individual_bcfs_female has to be rerun.
Need to rerun job all because job extract_individual_bcfs_female has to be rerun.
Need to rerun job all because job extract_individual_bcfs_female has to be rerun.
Need to rerun job all because job extract_individual_bcfs_female has to be rerun.
Need to rerun job all because job extract_individual_bcfs_female has to be rerun.
Need to rerun job all because job extract_individual_bcfs_female has to be rerun.
Need to rerun job all because job extract_individual_bcfs_female has to be rerun.
Need to rerun job all because job extract_individual_bcfs_female has to be rerun.
Need to rerun job all because job extract_individual_bcfs_female has to be rerun.
Need to rerun job all because job extract_individual_bcfs_female has to be rerun.
: False 84
/home/toriowo/Snakemake_projects/sexfindr-snakemake/snp-based-analyses/results/individual_bcf/RhinePhoxinus/Female/Suelz_ZFMK-TIS-66201.bcf: True 0
/home/toriowo/Snakemake_projects/sexfindr-snakemake/snp-based-analyses/results/individual_bcf/DanubeCsikii/Male/Naafbach_ZFMK-TIS-66047.bcf: True 0
/home/toriowo/Snakemake_projects/sexfindr-snakemake/snp-based-analyses/results/individual_bcf/DanubeCsikii/Female/Danube_ZFMK-TIS-66626.bcf: True 0
/home/toriowo/Snakemake_projects/sexfindr-snakemake/snp-based-analyses/results/individual_bcf/RhinePhoxinus/Female/Neckar_ZFMK-TIS-80581.bcf: True 0
/home/toriowo/Snakemake_projects/sexfindr-snakemake/snp-based-analyses/results/individual_bcf/DanubeCsikii/Male/Agger_ZFMK-TIS-66336.bcf: True 0
/home/toriowo/Snakemake_projects/sexfindr-snakemake/snp-based-analyses/results/individual_bcf/RhinePhoxinus/Male/Agger_ZFMK-TIS-65468.bcf: True 0
/home/toriowo/Snakemake_projects/sexfindr-snakemake/snp-based-analyses/results/individual_bcf/RhinePhoxinus/Female/Main_Lauer-AM37.bcf: True 0
/home/toriowo/Snakemake_projects/sexfindr-snakemake/snp-based-analyses/results/individual_bcf/DanubeCsikii/Male/Anger_ZFMK-TIS-80141.bcf: True 0
/home/toriowo/Snakemake_projects/sexfindr-snakemake/snp-based-analyses/results/individual_bcf/RhinePhoxinus/Male/Agger_ZFMK-TIS-65486.bcf: True 0
/home/toriowo/Snakemake_projects/sexfindr-snakemake/snp-based-analyses/results/individual_bcf/RhinePhoxinus/Female/Main_Lauer-AM45.bcf: True 0
/home/toriowo/Snakemake_projects/sexfindr-snakemake/snp-based-analyses/results/individual_bcf/DanubeCsikii/Male/Anger_ZFMK-TIS-80142.bcf: True 0
/home/toriowo/Snakemake_projects/sexfindr-snakemake/snp-based-analyses/results/individual_bcf/RhinePhoxinus/Male/Agger_ZFMK-TIS-65487.bcf: True 0
/home/toriowo/Snakemake_projects/sexfindr-snakemake/snp-based-analyses/results/individual_bcf/RhinePhoxinus/Female/Main_Lauer-AM46.bcf: True 0
/home/toriowo/Snakemake_projects/sexfindr-snakemake/snp-based-analyses/results/individual_bcf/DanubeCsikii/Male/Mouzon_ZFMK-TIS-80148.bcf: True 0
/home/toriowo/Snakemake_projects/sexfindr-snakemake/snp-based-analyses/results/individual_bcf/RhinePhoxinus/Male/Agger_ZFMK-TIS-66086.bcf: True 0
/home/toriowo/Snakemake_projects/sexfindr-snakemake/snp-based-analyses/results/individual_bcf/RhinePhoxinus/Female/Danube_ZFMK-TIS-66620.bcf: True 0
/home/toriowo/Snakemake_projects/sexfindr-snakemake/snp-based-analyses/results/individual_bcf/DanubeCsikii/Male/Mouzon_ZFMK-TIS-80150.bcf: True 0
/home/toriowo/Snakemake_projects/sexfindr-snakemake/snp-based-analyses/results/individual_bcf/RhinePhoxinus/Male/Naafbach_ZFMK-TIS-66030.bcf: True 0
/home/toriowo/Snakemake_projects/sexfindr-snakemake/snp-based-analyses/results/individual_bcf/RhinePhoxinus/Female/Danube_ZFMK-TIS-66623.bcf: True 0
/home/toriowo/Snakemake_projects/sexfindr-snakemake/snp-based-analyses/results/individual_bcf/DanubeCsikii/Male/Suelz_ZFMK-TIS-66168.bcf: True 0
/home/toriowo/Snakemake_projects/sexfindr-snakemake/snp-based-analyses/results/individual_bcf/RhinePhoxinus/Male/Mouzon_ZFMK-TIS-80148.bcf: True 0
/home/toriowo/Snakemake_projects/sexfindr-snakemake/snp-based-analyses/results/individual_bcf/RhinePhoxinus/Female/Danube_ZFMK-TIS-66624.bcf: True 0
/home/toriowo/Snakemake_projects/sexfindr-snakemake/snp-based-analyses/results/individual_bcf/DanubeCsikii/Male/Danube_ZFMK-TIS-66619.bcf: True 0
/home/toriowo/Snakemake_projects/sexfindr-snakemake/snp-based-analyses/results/individual_bcf/RhinePhoxinus/Male/Naafbach_ZFMK-TIS-66046.bcf: True 0
/home/toriowo/Snakemake_projects/sexfindr-snakemake/snp-based-analyses/results/individual_bcf/RhinePhoxinus/Female/Danube_ZFMK-TIS-66626.bcf: True 0
/home/toriowo/Snakemake_projects/sexfindr-snakemake/snp-based-analyses/results/individual_bcf/DanubeCsikii/Male/Danube_ZFMK-TIS-66622.bcf: True 0
/home/toriowo/Snakemake_projects/sexfindr-snakemake/snp-based-analyses/results/individual_bcf/RhinePhoxinus/Male/Mouzon_ZFMK-TIS-80150.bcf: True 0
/home/toriowo/Snakemake_projects/sexfindr-snakemake/snp-based-analyses/results/individual_bcf/DanubeCsikii/Female/Agger_ZFMK-TIS-65414.bcf: True 0
/home/toriowo/Snakemake_projects/sexfindr-snakemake/snp-based-analyses/results/individual_bcf/DanubeCsikii/Male/Danube_ZFMK-TIS-66628.bcf: True 0
/home/toriowo/Snakemake_projects/sexfindr-snakemake/snp-based-analyses/results/individual_bcf/RhinePhoxinus/Male/Naafbach_ZFMK-TIS-66047.bcf: True 0
/home/toriowo/Snakemake_projects/sexfindr-snakemake/snp-based-analyses/results/individual_bcf/DanubeCsikii/Female/Agger_ZFMK-TIS-65499.bcf: True 0
/home/toriowo/Snakemake_projects/sexfindr-snakemake/snp-based-analyses/results/individual_bcf/DanubeCsikii/Male/Danube_ZFMK-TIS-66629.bcf: True 0
/home/toriowo/Snakemake_projects/sexfindr-snakemake/snp-based-analyses/results/individual_bcf/RhinePhoxinus/Male/Agger_ZFMK-TIS-66336.bcf: True 0
/home/toriowo/Snakemake_projects/sexfindr-snakemake/snp-based-analyses/results/individual_bcf/DanubeCsikii/Female/Agger_ZFMK-TIS-66094.bcf: True 0
/home/toriowo/Snakemake_projects/sexfindr-snakemake/snp-based-analyses/results/individual_bcf/DanubeCsikii/Male/Main_Lauer_AM39.bcf: True 0
/home/toriowo/Snakemake_projects/sexfindr-snakemake/snp-based-analyses/results/individual_bcf/RhinePhoxinus/Male/Anger_ZFMK-TIS-80141.bcf: True 0
/home/toriowo/Snakemake_projects/sexfindr-snakemake/snp-based-analyses/results/individual_bcf/DanubeCsikii/Female/Agger_ZFMK-TIS-66100.bcf: True 0
/home/toriowo/Snakemake_projects/sexfindr-snakemake/snp-based-analyses/results/individual_bcf/DanubeCsikii/Female/Danube_ZFMK-TIS-66624.bcf: True 0
/home/toriowo/Snakemake_projects/sexfindr-snakemake/snp-based-analyses/results/individual_bcf/DanubeCsikii/Male/Main_Lauer-AM41.bcf: True 0
/home/toriowo/Snakemake_projects/sexfindr-snakemake/snp-based-analyses/results/individual_bcf/RhinePhoxinus/Male/Anger_ZFMK-TIS-80142.bcf: True 0
/home/toriowo/Snakemake_projects/sexfindr-snakemake/snp-based-analyses/results/individual_bcf/DanubeCsikii/Female/Agger_ZFMK-TIS-66114.bcf: True 0
/home/toriowo/Snakemake_projects/sexfindr-snakemake/snp-based-analyses/results/individual_bcf/DanubeCsikii/Male/Main_Lauer-AM42.bcf: True 0
/home/toriowo/Snakemake_projects/sexfindr-snakemake/snp-based-analyses/results/individual_bcf/RhinePhoxinus/Male/Suelz_ZFMK-TIS-66168.bcf: True 0
/home/toriowo/Snakemake_projects/sexfindr-snakemake/snp-based-analyses/results/individual_bcf/DanubeCsikii/Female/Agger_ZFMK-TIS-66357.bcf: True 0
/home/toriowo/Snakemake_projects/sexfindr-snakemake/snp-based-analyses/results/individual_bcf/DanubeCsikii/Male/Neckar_ZFMK-TIS-80585.bcf: True 0
/home/toriowo/Snakemake_projects/sexfindr-snakemake/snp-based-analyses/results/individual_bcf/RhinePhoxinus/Male/Danube_ZFMK-TIS-66619.bcf: True 0
/home/toriowo/Snakemake_projects/sexfindr-snakemake/snp-based-analyses/results/individual_bcf/DanubeCsikii/Female/Agger_ZFMK-TIS-66363.bcf: True 0
/home/toriowo/Snakemake_projects/sexfindr-snakemake/snp-based-analyses/results/individual_bcf/RhinePhoxinus/Female/Agger_ZFMK-TIS-65414.bcf: True 0
/home/toriowo/Snakemake_projects/sexfindr-snakemake/snp-based-analyses/results/individual_bcf/RhinePhoxinus/Male/Danube_ZFMK-TIS-66622.bcf: True 0
/home/toriowo/Snakemake_projects/sexfindr-snakemake/snp-based-analyses/results/individual_bcf/DanubeCsikii/Female/Anger_ZFMK-TIS-80124.bcf: True 0
/home/toriowo/Snakemake_projects/sexfindr-snakemake/snp-based-analyses/results/individual_bcf/RhinePhoxinus/Female/Agger_ZFMK-TIS-65499.bcf: True 0
/home/toriowo/Snakemake_projects/sexfindr-snakemake/snp-based-analyses/results/individual_bcf/RhinePhoxinus/Male/Danube_ZFMK-TIS-66628.bcf: True 0
/home/toriowo/Snakemake_projects/sexfindr-snakemake/snp-based-analyses/results/individual_bcf/DanubeCsikii/Female/Anger_ZFMK-TIS-80125.bcf: True 0
/home/toriowo/Snakemake_projects/sexfindr-snakemake/snp-based-analyses/results/individual_bcf/RhinePhoxinus/Female/Agger_ZFMK-TIS-66094.bcf: True 0
/home/toriowo/Snakemake_projects/sexfindr-snakemake/snp-based-analyses/results/individual_bcf/RhinePhoxinus/Male/Danube_ZFMK-TIS-66629.bcf: True 0
/home/toriowo/Snakemake_projects/sexfindr-snakemake/snp-based-analyses/results/individual_bcf/DanubeCsikii/Female/Naafbach_ZFMK-TIS-66031.bcf: True 0
/home/toriowo/Snakemake_projects/sexfindr-snakemake/snp-based-analyses/results/individual_bcf/RhinePhoxinus/Female/Agger_ZFMK-TIS-66100.bcf: True 0
/home/toriowo/Snakemake_projects/sexfindr-snakemake/snp-based-analyses/results/individual_bcf/RhinePhoxinus/Male/Main_Lauer_AM39.bcf: True 0
/home/toriowo/Snakemake_projects/sexfindr-snakemake/snp-based-analyses/results/individual_bcf/DanubeCsikii/Female/Naafbach_ZFMK-TIS-66058.bcf: True 0
/home/toriowo/Snakemake_projects/sexfindr-snakemake/snp-based-analyses/results/individual_bcf/RhinePhoxinus/Female/Agger_ZFMK-TIS-66114.bcf: True 0
/home/toriowo/Snakemake_projects/sexfindr-snakemake/snp-based-analyses/results/individual_bcf/RhinePhoxinus/Male/Main_Lauer-AM41.bcf: True 0
/home/toriowo/Snakemake_projects/sexfindr-snakemake/snp-based-analyses/results/individual_bcf/DanubeCsikii/Female/Suelz_ZFMK-TIS-66172.bcf: True 0
/home/toriowo/Snakemake_projects/sexfindr-snakemake/snp-based-analyses/results/individual_bcf/RhinePhoxinus/Female/Agger_ZFMK-TIS-66357.bcf: True 0
/home/toriowo/Snakemake_projects/sexfindr-snakemake/snp-based-analyses/results/individual_bcf/DanubeCsikii/Female/Suelz_ZFMK-TIS-66201.bcf: True 0
/home/toriowo/Snakemake_projects/sexfindr-snakemake/snp-based-analyses/results/individual_bcf/RhinePhoxinus/Male/Main_Lauer-AM42.bcf: True 0
/home/toriowo/Snakemake_projects/sexfindr-snakemake/snp-based-analyses/results/individual_bcf/RhinePhoxinus/Female/Agger_ZFMK-TIS-66363.bcf: True 0
/home/toriowo/Snakemake_projects/sexfindr-snakemake/snp-based-analyses/results/individual_bcf/RhinePhoxinus/Male/Neckar_ZFMK-TIS-80585.bcf: True 0
/home/toriowo/Snakemake_projects/sexfindr-snakemake/snp-based-analyses/results/individual_bcf/DanubeCsikii/Female/Neckar_ZFMK-TIS-80581.bcf: True 0
/home/toriowo/Snakemake_projects/sexfindr-snakemake/snp-based-analyses/results/individual_bcf/RhinePhoxinus/Female/Anger_ZFMK-TIS-80124.bcf: True 0
/home/toriowo/Snakemake_projects/sexfindr-snakemake/snp-based-analyses/results/individual_bcf/DanubeCsikii/Male/Agger_ZFMK-TIS-65468.bcf: True 0
/home/toriowo/Snakemake_projects/sexfindr-snakemake/snp-based-analyses/results/individual_bcf/DanubeCsikii/Female/Main_Lauer-AM37.bcf: True 0
/home/toriowo/Snakemake_projects/sexfindr-snakemake/snp-based-analyses/results/individual_bcf/RhinePhoxinus/Female/Anger_ZFMK-TIS-80125.bcf: True 0
/home/toriowo/Snakemake_projects/sexfindr-snakemake/snp-based-analyses/results/individual_bcf/DanubeCsikii/Male/Agger_ZFMK-TIS-65486.bcf: True 0
/home/toriowo/Snakemake_projects/sexfindr-snakemake/snp-based-analyses/results/individual_bcf/DanubeCsikii/Female/Main_Lauer-AM45.bcf: True 0
/home/toriowo/Snakemake_projects/sexfindr-snakemake/snp-based-analyses/results/individual_bcf/RhinePhoxinus/Female/Naafbach_ZFMK-TIS-66031.bcf: True 0
/home/toriowo/Snakemake_projects/sexfindr-snakemake/snp-based-analyses/results/individual_bcf/DanubeCsikii/Male/Agger_ZFMK-TIS-65487.bcf: True 0
/home/toriowo/Snakemake_projects/sexfindr-snakemake/snp-based-analyses/results/individual_bcf/DanubeCsikii/Female/Main_Lauer-AM46.bcf: True 0
/home/toriowo/Snakemake_projects/sexfindr-snakemake/snp-based-analyses/results/individual_bcf/RhinePhoxinus/Female/Naafbach_ZFMK-TIS-66058.bcf: True 0
/home/toriowo/Snakemake_projects/sexfindr-snakemake/snp-based-analyses/results/individual_bcf/DanubeCsikii/Male/Agger_ZFMK-TIS-66086.bcf: True 0
/home/toriowo/Snakemake_projects/sexfindr-snakemake/snp-based-analyses/results/individual_bcf/DanubeCsikii/Female/Danube_ZFMK-TIS-66620.bcf: True 0
/home/toriowo/Snakemake_projects/sexfindr-snakemake/snp-based-analyses/results/individual_bcf/RhinePhoxinus/Female/Suelz_ZFMK-TIS-66172.bcf: True 0
/home/toriowo/Snakemake_projects/sexfindr-snakemake/snp-based-analyses/results/individual_bcf/DanubeCsikii/Male/Naafbach_ZFMK-TIS-66030.bcf: True 0
/home/toriowo/Snakemake_projects/sexfindr-snakemake/snp-based-analyses/results/individual_bcf/DanubeCsikii/Female/Danube_ZFMK-TIS-66623.bcf: True 0
/home/toriowo/Snakemake_projects/sexfindr-snakemake/snp-based-analyses/results/individual_bcf/DanubeCsikii/Male/Naafbach_ZFMK-TIS-66046.bcf: True 0
shared_storage_local_copies: True
remote_exec: False
Submitting maximum 100 job(s) over 1.0 second(s).
Using shell: /bin/bash
Provided cores: 30
Rules claiming more threads will be scaled down.
Job stats:
job                               count
------------------------------  -------
all                                   1
extract_individual_bcfs_female       42
extract_individual_bcfs_male         42
total                                85

Resources before job selection: {'_cores': 30, '_nodes': 9223372036854775807, '_job_count': 9223372036854775807}
Ready jobs: 84
Select jobs to execute...
Selected jobs: 7
Resources after job selection: {'_cores': 2, '_nodes': 9223372036854775800, '_job_count': 100}
Execute 7 jobs...
[Wed Jul 16 16:14:30 2025]
localrule extract_individual_bcfs_male:
    input: /home/toriowo/SNAKEMAKE/Variant_calling_pipeline/haplome_one_results/RhinePhoxinus/Filtered/RhinePhoxinus_allChromosomes.filtered.norm.bcf
    output: /home/toriowo/Snakemake_projects/sexfindr-snakemake/snp-based-analyses/results/individual_bcf/RhinePhoxinus/Male/Main_Lauer-AM42.bcf
    jobid: 20
    reason: Missing output files: /home/toriowo/Snakemake_projects/sexfindr-snakemake/snp-based-analyses/results/individual_bcf/RhinePhoxinus/Male/Main_Lauer-AM42.bcf
    wildcards: species=RhinePhoxinus, sample=Main_Lauer-AM42
    threads: 4
    resources: tmpdir=/tmp/1974425.1.medium.q
Shell command: 
        mkdir -p $(dirname /home/toriowo/Snakemake_projects/sexfindr-snakemake/snp-based-analyses/results/individual_bcf/RhinePhoxinus/Male/Main_Lauer-AM42.bcf)
        bcftools view -a -s Main_Lauer-AM42 --threads 4 -O b -o /home/toriowo/Snakemake_projects/sexfindr-snakemake/snp-based-analyses/results/individual_bcf/RhinePhoxinus/Male/Main_Lauer-AM42.bcf /home/toriowo/SNAKEMAKE/Variant_calling_pipeline/haplome_one_results/RhinePhoxinus/Filtered/RhinePhoxinus_allChromosomes.filtered.norm.bcf
        bcftools index /home/toriowo/Snakemake_projects/sexfindr-snakemake/snp-based-analyses/results/individual_bcf/RhinePhoxinus/Male/Main_Lauer-AM42.bcf
        
[Wed Jul 16 16:14:30 2025]
localrule extract_individual_bcfs_female:
    input: /home/toriowo/SNAKEMAKE/Variant_calling_pipeline/haplome_one_results/RhinePhoxinus/Filtered/RhinePhoxinus_allChromosomes.filtered.norm.bcf
    output: /home/toriowo/Snakemake_projects/sexfindr-snakemake/snp-based-analyses/results/individual_bcf/RhinePhoxinus/Female/Agger_ZFMK-TIS-66363.bcf
    jobid: 49
    reason: Missing output files: /home/toriowo/Snakemake_projects/sexfindr-snakemake/snp-based-analyses/results/individual_bcf/RhinePhoxinus/Female/Agger_ZFMK-TIS-66363.bcf
    wildcards: species=RhinePhoxinus, sample=Agger_ZFMK-TIS-66363
    threads: 4
    resources: tmpdir=/tmp/1974425.1.medium.q
Shell command: 
        mkdir -p $(dirname /home/toriowo/Snakemake_projects/sexfindr-snakemake/snp-based-analyses/results/individual_bcf/RhinePhoxinus/Female/Agger_ZFMK-TIS-66363.bcf)
        bcftools view -a -s Agger_ZFMK-TIS-66363 --threads 4 -O b -o /home/toriowo/Snakemake_projects/sexfindr-snakemake/snp-based-analyses/results/individual_bcf/RhinePhoxinus/Female/Agger_ZFMK-TIS-66363.bcf /home/toriowo/SNAKEMAKE/Variant_calling_pipeline/haplome_one_results/RhinePhoxinus/Filtered/RhinePhoxinus_allChromosomes.filtered.norm.bcf
        bcftools index /home/toriowo/Snakemake_projects/sexfindr-snakemake/snp-based-analyses/results/individual_bcf/RhinePhoxinus/Female/Agger_ZFMK-TIS-66363.bcf
        
[Wed Jul 16 16:14:30 2025]
localrule extract_individual_bcfs_female:
    input: /home/toriowo/SNAKEMAKE/Variant_calling_pipeline/haplome_one_results/DanubeCsikii/Filtered/DanubeCsikii_allChromosomes.filtered.norm.bcf
    output: /home/toriowo/Snakemake_projects/sexfindr-snakemake/snp-based-analyses/results/individual_bcf/DanubeCsikii/Female/Suelz_ZFMK-TIS-66172.bcf
    jobid: 75
    reason: Missing output files: /home/toriowo/Snakemake_projects/sexfindr-snakemake/snp-based-analyses/results/individual_bcf/DanubeCsikii/Female/Suelz_ZFMK-TIS-66172.bcf
    wildcards: species=DanubeCsikii, sample=Suelz_ZFMK-TIS-66172
    threads: 4
    resources: tmpdir=/tmp/1974425.1.medium.q
Shell command: 
        mkdir -p $(dirname /home/toriowo/Snakemake_projects/sexfindr-snakemake/snp-based-analyses/results/individual_bcf/DanubeCsikii/Female/Suelz_ZFMK-TIS-66172.bcf)
        bcftools view -a -s Suelz_ZFMK-TIS-66172 --threads 4 -O b -o /home/toriowo/Snakemake_projects/sexfindr-snakemake/snp-based-analyses/results/individual_bcf/DanubeCsikii/Female/Suelz_ZFMK-TIS-66172.bcf /home/toriowo/SNAKEMAKE/Variant_calling_pipeline/haplome_one_results/DanubeCsikii/Filtered/DanubeCsikii_allChromosomes.filtered.norm.bcf
        bcftools index /home/toriowo/Snakemake_projects/sexfindr-snakemake/snp-based-analyses/results/individual_bcf/DanubeCsikii/Female/Suelz_ZFMK-TIS-66172.bcf
        
[Wed Jul 16 16:14:30 2025]
localrule extract_individual_bcfs_male:
    input: /home/toriowo/SNAKEMAKE/Variant_calling_pipeline/haplome_one_results/RhinePhoxinus/Filtered/RhinePhoxinus_allChromosomes.filtered.norm.bcf
    output: /home/toriowo/Snakemake_projects/sexfindr-snakemake/snp-based-analyses/results/individual_bcf/RhinePhoxinus/Male/Main_Lauer-AM41.bcf
    jobid: 19
    reason: Missing output files: /home/toriowo/Snakemake_projects/sexfindr-snakemake/snp-based-analyses/results/individual_bcf/RhinePhoxinus/Male/Main_Lauer-AM41.bcf
    wildcards: species=RhinePhoxinus, sample=Main_Lauer-AM41
    threads: 4
    resources: tmpdir=/tmp/1974425.1.medium.q
Shell command: 
        mkdir -p $(dirname /home/toriowo/Snakemake_projects/sexfindr-snakemake/snp-based-analyses/results/individual_bcf/RhinePhoxinus/Male/Main_Lauer-AM41.bcf)
        bcftools view -a -s Main_Lauer-AM41 --threads 4 -O b -o /home/toriowo/Snakemake_projects/sexfindr-snakemake/snp-based-analyses/results/individual_bcf/RhinePhoxinus/Male/Main_Lauer-AM41.bcf /home/toriowo/SNAKEMAKE/Variant_calling_pipeline/haplome_one_results/RhinePhoxinus/Filtered/RhinePhoxinus_allChromosomes.filtered.norm.bcf
        bcftools index /home/toriowo/Snakemake_projects/sexfindr-snakemake/snp-based-analyses/results/individual_bcf/RhinePhoxinus/Male/Main_Lauer-AM41.bcf
        
[Wed Jul 16 16:14:30 2025]
localrule extract_individual_bcfs_female:
    input: /home/toriowo/SNAKEMAKE/Variant_calling_pipeline/haplome_one_results/RhinePhoxinus/Filtered/RhinePhoxinus_allChromosomes.filtered.norm.bcf
    output: /home/toriowo/Snakemake_projects/sexfindr-snakemake/snp-based-analyses/results/individual_bcf/RhinePhoxinus/Female/Agger_ZFMK-TIS-66100.bcf
    jobid: 46
    reason: Missing output files: /home/toriowo/Snakemake_projects/sexfindr-snakemake/snp-based-analyses/results/individual_bcf/RhinePhoxinus/Female/Agger_ZFMK-TIS-66100.bcf
    wildcards: species=RhinePhoxinus, sample=Agger_ZFMK-TIS-66100
    threads: 4
    resources: tmpdir=/tmp/1974425.1.medium.q
Shell command: 
        mkdir -p $(dirname /home/toriowo/Snakemake_projects/sexfindr-snakemake/snp-based-analyses/results/individual_bcf/RhinePhoxinus/Female/Agger_ZFMK-TIS-66100.bcf)
        bcftools view -a -s Agger_ZFMK-TIS-66100 --threads 4 -O b -o /home/toriowo/Snakemake_projects/sexfindr-snakemake/snp-based-analyses/results/individual_bcf/RhinePhoxinus/Female/Agger_ZFMK-TIS-66100.bcf /home/toriowo/SNAKEMAKE/Variant_calling_pipeline/haplome_one_results/RhinePhoxinus/Filtered/RhinePhoxinus_allChromosomes.filtered.norm.bcf
        bcftools index /home/toriowo/Snakemake_projects/sexfindr-snakemake/snp-based-analyses/results/individual_bcf/RhinePhoxinus/Female/Agger_ZFMK-TIS-66100.bcf
        
[Wed Jul 16 16:14:30 2025]
localrule extract_individual_bcfs_female:
    input: /home/toriowo/SNAKEMAKE/Variant_calling_pipeline/haplome_one_results/RhinePhoxinus/Filtered/RhinePhoxinus_allChromosomes.filtered.norm.bcf
    output: /home/toriowo/Snakemake_projects/sexfindr-snakemake/snp-based-analyses/results/individual_bcf/RhinePhoxinus/Female/Agger_ZFMK-TIS-66357.bcf
    jobid: 48
    reason: Missing output files: /home/toriowo/Snakemake_projects/sexfindr-snakemake/snp-based-analyses/results/individual_bcf/RhinePhoxinus/Female/Agger_ZFMK-TIS-66357.bcf
    wildcards: species=RhinePhoxinus, sample=Agger_ZFMK-TIS-66357
    threads: 4
    resources: tmpdir=/tmp/1974425.1.medium.q
Shell command: 
        mkdir -p $(dirname /home/toriowo/Snakemake_projects/sexfindr-snakemake/snp-based-analyses/results/individual_bcf/RhinePhoxinus/Female/Agger_ZFMK-TIS-66357.bcf)
        bcftools view -a -s Agger_ZFMK-TIS-66357 --threads 4 -O b -o /home/toriowo/Snakemake_projects/sexfindr-snakemake/snp-based-analyses/results/individual_bcf/RhinePhoxinus/Female/Agger_ZFMK-TIS-66357.bcf /home/toriowo/SNAKEMAKE/Variant_calling_pipeline/haplome_one_results/RhinePhoxinus/Filtered/RhinePhoxinus_allChromosomes.filtered.norm.bcf
        bcftools index /home/toriowo/Snakemake_projects/sexfindr-snakemake/snp-based-analyses/results/individual_bcf/RhinePhoxinus/Female/Agger_ZFMK-TIS-66357.bcf
        
[Wed Jul 16 16:14:30 2025]
localrule extract_individual_bcfs_female:
    input: /home/toriowo/SNAKEMAKE/Variant_calling_pipeline/haplome_one_results/DanubeCsikii/Filtered/DanubeCsikii_allChromosomes.filtered.norm.bcf
    output: /home/toriowo/Snakemake_projects/sexfindr-snakemake/snp-based-analyses/results/individual_bcf/DanubeCsikii/Female/Suelz_ZFMK-TIS-66201.bcf
    jobid: 76
    reason: Missing output files: /home/toriowo/Snakemake_projects/sexfindr-snakemake/snp-based-analyses/results/individual_bcf/DanubeCsikii/Female/Suelz_ZFMK-TIS-66201.bcf
    wildcards: species=DanubeCsikii, sample=Suelz_ZFMK-TIS-66201
    threads: 4
    resources: tmpdir=/tmp/1974425.1.medium.q
Shell command: 
        mkdir -p $(dirname /home/toriowo/Snakemake_projects/sexfindr-snakemake/snp-based-analyses/results/individual_bcf/DanubeCsikii/Female/Suelz_ZFMK-TIS-66201.bcf)
        bcftools view -a -s Suelz_ZFMK-TIS-66201 --threads 4 -O b -o /home/toriowo/Snakemake_projects/sexfindr-snakemake/snp-based-analyses/results/individual_bcf/DanubeCsikii/Female/Suelz_ZFMK-TIS-66201.bcf /home/toriowo/SNAKEMAKE/Variant_calling_pipeline/haplome_one_results/DanubeCsikii/Filtered/DanubeCsikii_allChromosomes.filtered.norm.bcf
        bcftools index /home/toriowo/Snakemake_projects/sexfindr-snakemake/snp-based-analyses/results/individual_bcf/DanubeCsikii/Female/Suelz_ZFMK-TIS-66201.bcf
        
Waiting for running jobs to complete.
Full Traceback (most recent call last):
  File "/home/toriowo/.conda/envs/snakemake/lib/python3.12/site-packages/snakemake/executors/local.py", line 425, in run_wrapper
    run(
  File "/home/toriowo/Snakemake_projects/sexfindr-snakemake/snp-based-analyses/workflow/rules/03-extract-sample-bcf.smk", line 57, in __rule_extract_individual_bcfs_male
  File "/home/toriowo/.conda/envs/snakemake/lib/python3.12/site-packages/snakemake/shell.py", line 358, in __new__
    raise sp.CalledProcessError(retcode, cmd)
subprocess.CalledProcessError: Command 'set -euo pipefail;  
        mkdir -p $(dirname /home/toriowo/Snakemake_projects/sexfindr-snakemake/snp-based-analyses/results/individual_bcf/RhinePhoxinus/Male/Main_Lauer-AM42.bcf)
        bcftools view -a -s Main_Lauer-AM42 --threads 4 -O b -o /home/toriowo/Snakemake_projects/sexfindr-snakemake/snp-based-analyses/results/individual_bcf/RhinePhoxinus/Male/Main_Lauer-AM42.bcf /home/toriowo/SNAKEMAKE/Variant_calling_pipeline/haplome_one_results/RhinePhoxinus/Filtered/RhinePhoxinus_allChromosomes.filtered.norm.bcf
        bcftools index /home/toriowo/Snakemake_projects/sexfindr-snakemake/snp-based-analyses/results/individual_bcf/RhinePhoxinus/Male/Main_Lauer-AM42.bcf' returned non-zero exit status 255.

Full Traceback (most recent call last):
  File "/home/toriowo/.conda/envs/snakemake/lib/python3.12/site-packages/snakemake/executors/local.py", line 425, in run_wrapper
    run(
  File "/home/toriowo/Snakemake_projects/sexfindr-snakemake/snp-based-analyses/workflow/rules/03-extract-sample-bcf.smk", line 89, in __rule_extract_individual_bcfs_female
  File "/home/toriowo/.conda/envs/snakemake/lib/python3.12/site-packages/snakemake/shell.py", line 358, in __new__
    raise sp.CalledProcessError(retcode, cmd)
subprocess.CalledProcessError: Command 'set -euo pipefail;  
        mkdir -p $(dirname /home/toriowo/Snakemake_projects/sexfindr-snakemake/snp-based-analyses/results/individual_bcf/DanubeCsikii/Female/Suelz_ZFMK-TIS-66172.bcf)
        bcftools view -a -s Suelz_ZFMK-TIS-66172 --threads 4 -O b -o /home/toriowo/Snakemake_projects/sexfindr-snakemake/snp-based-analyses/results/individual_bcf/DanubeCsikii/Female/Suelz_ZFMK-TIS-66172.bcf /home/toriowo/SNAKEMAKE/Variant_calling_pipeline/haplome_one_results/DanubeCsikii/Filtered/DanubeCsikii_allChromosomes.filtered.norm.bcf
        bcftools index /home/toriowo/Snakemake_projects/sexfindr-snakemake/snp-based-analyses/results/individual_bcf/DanubeCsikii/Female/Suelz_ZFMK-TIS-66172.bcf' returned non-zero exit status 255.

Full Traceback (most recent call last):
  File "/home/toriowo/.conda/envs/snakemake/lib/python3.12/site-packages/snakemake/executors/local.py", line 425, in run_wrapper
    run(
  File "/home/toriowo/Snakemake_projects/sexfindr-snakemake/snp-based-analyses/workflow/rules/03-extract-sample-bcf.smk", line 89, in __rule_extract_individual_bcfs_female
  File "/home/toriowo/.conda/envs/snakemake/lib/python3.12/site-packages/snakemake/shell.py", line 358, in __new__
    raise sp.CalledProcessError(retcode, cmd)
subprocess.CalledProcessError: Command 'set -euo pipefail;  
        mkdir -p $(dirname /home/toriowo/Snakemake_projects/sexfindr-snakemake/snp-based-analyses/results/individual_bcf/DanubeCsikii/Female/Suelz_ZFMK-TIS-66201.bcf)
        bcftools view -a -s Suelz_ZFMK-TIS-66201 --threads 4 -O b -o /home/toriowo/Snakemake_projects/sexfindr-snakemake/snp-based-analyses/results/individual_bcf/DanubeCsikii/Female/Suelz_ZFMK-TIS-66201.bcf /home/toriowo/SNAKEMAKE/Variant_calling_pipeline/haplome_one_results/DanubeCsikii/Filtered/DanubeCsikii_allChromosomes.filtered.norm.bcf
        bcftools index /home/toriowo/Snakemake_projects/sexfindr-snakemake/snp-based-analyses/results/individual_bcf/DanubeCsikii/Female/Suelz_ZFMK-TIS-66201.bcf' returned non-zero exit status 255.

Full Traceback (most recent call last):
  File "/home/toriowo/.conda/envs/snakemake/lib/python3.12/site-packages/snakemake/executors/local.py", line 425, in run_wrapper
    run(
  File "/home/toriowo/Snakemake_projects/sexfindr-snakemake/snp-based-analyses/workflow/rules/03-extract-sample-bcf.smk", line 57, in __rule_extract_individual_bcfs_male
  File "/home/toriowo/.conda/envs/snakemake/lib/python3.12/site-packages/snakemake/shell.py", line 358, in __new__
    raise sp.CalledProcessError(retcode, cmd)
subprocess.CalledProcessError: Command 'set -euo pipefail;  
        mkdir -p $(dirname /home/toriowo/Snakemake_projects/sexfindr-snakemake/snp-based-analyses/results/individual_bcf/RhinePhoxinus/Male/Main_Lauer-AM41.bcf)
        bcftools view -a -s Main_Lauer-AM41 --threads 4 -O b -o /home/toriowo/Snakemake_projects/sexfindr-snakemake/snp-based-analyses/results/individual_bcf/RhinePhoxinus/Male/Main_Lauer-AM41.bcf /home/toriowo/SNAKEMAKE/Variant_calling_pipeline/haplome_one_results/RhinePhoxinus/Filtered/RhinePhoxinus_allChromosomes.filtered.norm.bcf
        bcftools index /home/toriowo/Snakemake_projects/sexfindr-snakemake/snp-based-analyses/results/individual_bcf/RhinePhoxinus/Male/Main_Lauer-AM41.bcf' returned non-zero exit status 255.

Full Traceback (most recent call last):
  File "/home/toriowo/.conda/envs/snakemake/lib/python3.12/site-packages/snakemake/executors/local.py", line 425, in run_wrapper
    run(
  File "/home/toriowo/Snakemake_projects/sexfindr-snakemake/snp-based-analyses/workflow/rules/03-extract-sample-bcf.smk", line 89, in __rule_extract_individual_bcfs_female
  File "/home/toriowo/.conda/envs/snakemake/lib/python3.12/site-packages/snakemake/shell.py", line 358, in __new__
    raise sp.CalledProcessError(retcode, cmd)
subprocess.CalledProcessError: Command 'set -euo pipefail;  
        mkdir -p $(dirname /home/toriowo/Snakemake_projects/sexfindr-snakemake/snp-based-analyses/results/individual_bcf/DanubeCsikii/Female/Suelz_ZFMK-TIS-66201.bcf)
        bcftools view -a -s Suelz_ZFMK-TIS-66201 --threads 4 -O b -o /home/toriowo/Snakemake_projects/sexfindr-snakemake/snp-based-analyses/results/individual_bcf/DanubeCsikii/Female/Suelz_ZFMK-TIS-66201.bcf /home/toriowo/SNAKEMAKE/Variant_calling_pipeline/haplome_one_results/DanubeCsikii/Filtered/DanubeCsikii_allChromosomes.filtered.norm.bcf
        bcftools index /home/toriowo/Snakemake_projects/sexfindr-snakemake/snp-based-analyses/results/individual_bcf/DanubeCsikii/Female/Suelz_ZFMK-TIS-66201.bcf' returned non-zero exit status 255.

During handling of the above exception, another exception occurred:

Traceback (most recent call last):
  File "/home/toriowo/.conda/envs/snakemake/lib/python3.12/concurrent/futures/thread.py", line 59, in run
    result = self.fn(*self.args, **self.kwargs)
             ^^^^^^^^^^^^^^^^^^^^^^^^^^^^^^^^^^
  File "/home/toriowo/.conda/envs/snakemake/lib/python3.12/site-packages/snakemake/executors/local.py", line 247, in cached_or_run
    run_func(*args)
  File "/home/toriowo/.conda/envs/snakemake/lib/python3.12/site-packages/snakemake/executors/local.py", line 461, in run_wrapper
    raise RuleException(
snakemake.exceptions.RuleException: CalledProcessError in file "/home/toriowo/Snakemake_projects/sexfindr-snakemake/snp-based-analyses/workflow/rules/03-extract-sample-bcf.smk", line 51:
Command 'set -euo pipefail;  
        mkdir -p $(dirname /home/toriowo/Snakemake_projects/sexfindr-snakemake/snp-based-analyses/results/individual_bcf/DanubeCsikii/Female/Suelz_ZFMK-TIS-66201.bcf)
        bcftools view -a -s Suelz_ZFMK-TIS-66201 --threads 4 -O b -o /home/toriowo/Snakemake_projects/sexfindr-snakemake/snp-based-analyses/results/individual_bcf/DanubeCsikii/Female/Suelz_ZFMK-TIS-66201.bcf /home/toriowo/SNAKEMAKE/Variant_calling_pipeline/haplome_one_results/DanubeCsikii/Filtered/DanubeCsikii_allChromosomes.filtered.norm.bcf
        bcftools index /home/toriowo/Snakemake_projects/sexfindr-snakemake/snp-based-analyses/results/individual_bcf/DanubeCsikii/Female/Suelz_ZFMK-TIS-66201.bcf' returned non-zero exit status 255.

Full Traceback (most recent call last):
  File "/home/toriowo/.conda/envs/snakemake/lib/python3.12/site-packages/snakemake/executors/local.py", line 425, in run_wrapper
    run(
  File "/home/toriowo/Snakemake_projects/sexfindr-snakemake/snp-based-analyses/workflow/rules/03-extract-sample-bcf.smk", line 57, in __rule_extract_individual_bcfs_male
  File "/home/toriowo/.conda/envs/snakemake/lib/python3.12/site-packages/snakemake/shell.py", line 358, in __new__
    raise sp.CalledProcessError(retcode, cmd)
subprocess.CalledProcessError: Command 'set -euo pipefail;  
        mkdir -p $(dirname /home/toriowo/Snakemake_projects/sexfindr-snakemake/snp-based-analyses/results/individual_bcf/RhinePhoxinus/Male/Main_Lauer-AM41.bcf)
        bcftools view -a -s Main_Lauer-AM41 --threads 4 -O b -o /home/toriowo/Snakemake_projects/sexfindr-snakemake/snp-based-analyses/results/individual_bcf/RhinePhoxinus/Male/Main_Lauer-AM41.bcf /home/toriowo/SNAKEMAKE/Variant_calling_pipeline/haplome_one_results/RhinePhoxinus/Filtered/RhinePhoxinus_allChromosomes.filtered.norm.bcf
        bcftools index /home/toriowo/Snakemake_projects/sexfindr-snakemake/snp-based-analyses/results/individual_bcf/RhinePhoxinus/Male/Main_Lauer-AM41.bcf' returned non-zero exit status 255.

During handling of the above exception, another exception occurred:

Traceback (most recent call last):
  File "/home/toriowo/.conda/envs/snakemake/lib/python3.12/concurrent/futures/thread.py", line 59, in run
    result = self.fn(*self.args, **self.kwargs)
             ^^^^^^^^^^^^^^^^^^^^^^^^^^^^^^^^^^
  File "/home/toriowo/.conda/envs/snakemake/lib/python3.12/site-packages/snakemake/executors/local.py", line 247, in cached_or_run
    run_func(*args)
  File "/home/toriowo/.conda/envs/snakemake/lib/python3.12/site-packages/snakemake/executors/local.py", line 461, in run_wrapper
    raise RuleException(
snakemake.exceptions.RuleException: CalledProcessError in file "/home/toriowo/Snakemake_projects/sexfindr-snakemake/snp-based-analyses/workflow/rules/03-extract-sample-bcf.smk", line 38:
Command 'set -euo pipefail;  
        mkdir -p $(dirname /home/toriowo/Snakemake_projects/sexfindr-snakemake/snp-based-analyses/results/individual_bcf/RhinePhoxinus/Male/Main_Lauer-AM41.bcf)
        bcftools view -a -s Main_Lauer-AM41 --threads 4 -O b -o /home/toriowo/Snakemake_projects/sexfindr-snakemake/snp-based-analyses/results/individual_bcf/RhinePhoxinus/Male/Main_Lauer-AM41.bcf /home/toriowo/SNAKEMAKE/Variant_calling_pipeline/haplome_one_results/RhinePhoxinus/Filtered/RhinePhoxinus_allChromosomes.filtered.norm.bcf
        bcftools index /home/toriowo/Snakemake_projects/sexfindr-snakemake/snp-based-analyses/results/individual_bcf/RhinePhoxinus/Male/Main_Lauer-AM41.bcf' returned non-zero exit status 255.

Full Traceback (most recent call last):
  File "/home/toriowo/.conda/envs/snakemake/lib/python3.12/site-packages/snakemake/executors/local.py", line 425, in run_wrapper
    run(
  File "/home/toriowo/Snakemake_projects/sexfindr-snakemake/snp-based-analyses/workflow/rules/03-extract-sample-bcf.smk", line 57, in __rule_extract_individual_bcfs_male
  File "/home/toriowo/.conda/envs/snakemake/lib/python3.12/site-packages/snakemake/shell.py", line 358, in __new__
    raise sp.CalledProcessError(retcode, cmd)
subprocess.CalledProcessError: Command 'set -euo pipefail;  
        mkdir -p $(dirname /home/toriowo/Snakemake_projects/sexfindr-snakemake/snp-based-analyses/results/individual_bcf/RhinePhoxinus/Male/Main_Lauer-AM42.bcf)
        bcftools view -a -s Main_Lauer-AM42 --threads 4 -O b -o /home/toriowo/Snakemake_projects/sexfindr-snakemake/snp-based-analyses/results/individual_bcf/RhinePhoxinus/Male/Main_Lauer-AM42.bcf /home/toriowo/SNAKEMAKE/Variant_calling_pipeline/haplome_one_results/RhinePhoxinus/Filtered/RhinePhoxinus_allChromosomes.filtered.norm.bcf
        bcftools index /home/toriowo/Snakemake_projects/sexfindr-snakemake/snp-based-analyses/results/individual_bcf/RhinePhoxinus/Male/Main_Lauer-AM42.bcf' returned non-zero exit status 255.

During handling of the above exception, another exception occurred:

Traceback (most recent call last):
  File "/home/toriowo/.conda/envs/snakemake/lib/python3.12/concurrent/futures/thread.py", line 59, in run
    result = self.fn(*self.args, **self.kwargs)
             ^^^^^^^^^^^^^^^^^^^^^^^^^^^^^^^^^^
  File "/home/toriowo/.conda/envs/snakemake/lib/python3.12/site-packages/snakemake/executors/local.py", line 247, in cached_or_run
    run_func(*args)
  File "/home/toriowo/.conda/envs/snakemake/lib/python3.12/site-packages/snakemake/executors/local.py", line 461, in run_wrapper
    raise RuleException(
snakemake.exceptions.RuleException: CalledProcessError in file "/home/toriowo/Snakemake_projects/sexfindr-snakemake/snp-based-analyses/workflow/rules/03-extract-sample-bcf.smk", line 38:
Command 'set -euo pipefail;  
        mkdir -p $(dirname /home/toriowo/Snakemake_projects/sexfindr-snakemake/snp-based-analyses/results/individual_bcf/RhinePhoxinus/Male/Main_Lauer-AM42.bcf)
        bcftools view -a -s Main_Lauer-AM42 --threads 4 -O b -o /home/toriowo/Snakemake_projects/sexfindr-snakemake/snp-based-analyses/results/individual_bcf/RhinePhoxinus/Male/Main_Lauer-AM42.bcf /home/toriowo/SNAKEMAKE/Variant_calling_pipeline/haplome_one_results/RhinePhoxinus/Filtered/RhinePhoxinus_allChromosomes.filtered.norm.bcf
        bcftools index /home/toriowo/Snakemake_projects/sexfindr-snakemake/snp-based-analyses/results/individual_bcf/RhinePhoxinus/Male/Main_Lauer-AM42.bcf' returned non-zero exit status 255.

Full Traceback (most recent call last):
  File "/home/toriowo/.conda/envs/snakemake/lib/python3.12/site-packages/snakemake/executors/local.py", line 425, in run_wrapper
    run(
  File "/home/toriowo/Snakemake_projects/sexfindr-snakemake/snp-based-analyses/workflow/rules/03-extract-sample-bcf.smk", line 89, in __rule_extract_individual_bcfs_female
  File "/home/toriowo/.conda/envs/snakemake/lib/python3.12/site-packages/snakemake/shell.py", line 358, in __new__
    raise sp.CalledProcessError(retcode, cmd)
subprocess.CalledProcessError: Command 'set -euo pipefail;  
        mkdir -p $(dirname /home/toriowo/Snakemake_projects/sexfindr-snakemake/snp-based-analyses/results/individual_bcf/DanubeCsikii/Female/Suelz_ZFMK-TIS-66172.bcf)
        bcftools view -a -s Suelz_ZFMK-TIS-66172 --threads 4 -O b -o /home/toriowo/Snakemake_projects/sexfindr-snakemake/snp-based-analyses/results/individual_bcf/DanubeCsikii/Female/Suelz_ZFMK-TIS-66172.bcf /home/toriowo/SNAKEMAKE/Variant_calling_pipeline/haplome_one_results/DanubeCsikii/Filtered/DanubeCsikii_allChromosomes.filtered.norm.bcf
        bcftools index /home/toriowo/Snakemake_projects/sexfindr-snakemake/snp-based-analyses/results/individual_bcf/DanubeCsikii/Female/Suelz_ZFMK-TIS-66172.bcf' returned non-zero exit status 255.

During handling of the above exception, another exception occurred:

Traceback (most recent call last):
  File "/home/toriowo/.conda/envs/snakemake/lib/python3.12/concurrent/futures/thread.py", line 59, in run
    result = self.fn(*self.args, **self.kwargs)
             ^^^^^^^^^^^^^^^^^^^^^^^^^^^^^^^^^^
  File "/home/toriowo/.conda/envs/snakemake/lib/python3.12/site-packages/snakemake/executors/local.py", line 247, in cached_or_run
    run_func(*args)
  File "/home/toriowo/.conda/envs/snakemake/lib/python3.12/site-packages/snakemake/executors/local.py", line 461, in run_wrapper
    raise RuleException(
snakemake.exceptions.RuleException: CalledProcessError in file "/home/toriowo/Snakemake_projects/sexfindr-snakemake/snp-based-analyses/workflow/rules/03-extract-sample-bcf.smk", line 51:
Command 'set -euo pipefail;  
        mkdir -p $(dirname /home/toriowo/Snakemake_projects/sexfindr-snakemake/snp-based-analyses/results/individual_bcf/DanubeCsikii/Female/Suelz_ZFMK-TIS-66172.bcf)
        bcftools view -a -s Suelz_ZFMK-TIS-66172 --threads 4 -O b -o /home/toriowo/Snakemake_projects/sexfindr-snakemake/snp-based-analyses/results/individual_bcf/DanubeCsikii/Female/Suelz_ZFMK-TIS-66172.bcf /home/toriowo/SNAKEMAKE/Variant_calling_pipeline/haplome_one_results/DanubeCsikii/Filtered/DanubeCsikii_allChromosomes.filtered.norm.bcf
        bcftools index /home/toriowo/Snakemake_projects/sexfindr-snakemake/snp-based-analyses/results/individual_bcf/DanubeCsikii/Female/Suelz_ZFMK-TIS-66172.bcf' returned non-zero exit status 255.

RuleException:
CalledProcessError in file "/home/toriowo/Snakemake_projects/sexfindr-snakemake/snp-based-analyses/workflow/rules/03-extract-sample-bcf.smk", line 38:
Command 'set -euo pipefail;  
        mkdir -p $(dirname /home/toriowo/Snakemake_projects/sexfindr-snakemake/snp-based-analyses/results/individual_bcf/RhinePhoxinus/Male/Main_Lauer-AM41.bcf)
        bcftools view -a -s Main_Lauer-AM41 --threads 4 -O b -o /home/toriowo/Snakemake_projects/sexfindr-snakemake/snp-based-analyses/results/individual_bcf/RhinePhoxinus/Male/Main_Lauer-AM41.bcf /home/toriowo/SNAKEMAKE/Variant_calling_pipeline/haplome_one_results/RhinePhoxinus/Filtered/RhinePhoxinus_allChromosomes.filtered.norm.bcf
        bcftools index /home/toriowo/Snakemake_projects/sexfindr-snakemake/snp-based-analyses/results/individual_bcf/RhinePhoxinus/Male/Main_Lauer-AM41.bcf' returned non-zero exit status 255.
[Wed Jul 16 16:14:31 2025]
Error in rule extract_individual_bcfs_male:
    message: None
    jobid: 19
    input: /home/toriowo/SNAKEMAKE/Variant_calling_pipeline/haplome_one_results/RhinePhoxinus/Filtered/RhinePhoxinus_allChromosomes.filtered.norm.bcf
    output: /home/toriowo/Snakemake_projects/sexfindr-snakemake/snp-based-analyses/results/individual_bcf/RhinePhoxinus/Male/Main_Lauer-AM41.bcf
    shell:
        
        mkdir -p $(dirname /home/toriowo/Snakemake_projects/sexfindr-snakemake/snp-based-analyses/results/individual_bcf/RhinePhoxinus/Male/Main_Lauer-AM41.bcf)
        bcftools view -a -s Main_Lauer-AM41 --threads 4 -O b -o /home/toriowo/Snakemake_projects/sexfindr-snakemake/snp-based-analyses/results/individual_bcf/RhinePhoxinus/Male/Main_Lauer-AM41.bcf /home/toriowo/SNAKEMAKE/Variant_calling_pipeline/haplome_one_results/RhinePhoxinus/Filtered/RhinePhoxinus_allChromosomes.filtered.norm.bcf
        bcftools index /home/toriowo/Snakemake_projects/sexfindr-snakemake/snp-based-analyses/results/individual_bcf/RhinePhoxinus/Male/Main_Lauer-AM41.bcf
        
        (command exited with non-zero exit code)
RuleException:
CalledProcessError in file "/home/toriowo/Snakemake_projects/sexfindr-snakemake/snp-based-analyses/workflow/rules/03-extract-sample-bcf.smk", line 51:
Command 'set -euo pipefail;  
        mkdir -p $(dirname /home/toriowo/Snakemake_projects/sexfindr-snakemake/snp-based-analyses/results/individual_bcf/DanubeCsikii/Female/Suelz_ZFMK-TIS-66172.bcf)
        bcftools view -a -s Suelz_ZFMK-TIS-66172 --threads 4 -O b -o /home/toriowo/Snakemake_projects/sexfindr-snakemake/snp-based-analyses/results/individual_bcf/DanubeCsikii/Female/Suelz_ZFMK-TIS-66172.bcf /home/toriowo/SNAKEMAKE/Variant_calling_pipeline/haplome_one_results/DanubeCsikii/Filtered/DanubeCsikii_allChromosomes.filtered.norm.bcf
        bcftools index /home/toriowo/Snakemake_projects/sexfindr-snakemake/snp-based-analyses/results/individual_bcf/DanubeCsikii/Female/Suelz_ZFMK-TIS-66172.bcf' returned non-zero exit status 255.
[Wed Jul 16 16:14:31 2025]
Error in rule extract_individual_bcfs_female:
    message: None
    jobid: 75
    input: /home/toriowo/SNAKEMAKE/Variant_calling_pipeline/haplome_one_results/DanubeCsikii/Filtered/DanubeCsikii_allChromosomes.filtered.norm.bcf
    output: /home/toriowo/Snakemake_projects/sexfindr-snakemake/snp-based-analyses/results/individual_bcf/DanubeCsikii/Female/Suelz_ZFMK-TIS-66172.bcf
    shell:
        
        mkdir -p $(dirname /home/toriowo/Snakemake_projects/sexfindr-snakemake/snp-based-analyses/results/individual_bcf/DanubeCsikii/Female/Suelz_ZFMK-TIS-66172.bcf)
        bcftools view -a -s Suelz_ZFMK-TIS-66172 --threads 4 -O b -o /home/toriowo/Snakemake_projects/sexfindr-snakemake/snp-based-analyses/results/individual_bcf/DanubeCsikii/Female/Suelz_ZFMK-TIS-66172.bcf /home/toriowo/SNAKEMAKE/Variant_calling_pipeline/haplome_one_results/DanubeCsikii/Filtered/DanubeCsikii_allChromosomes.filtered.norm.bcf
        bcftools index /home/toriowo/Snakemake_projects/sexfindr-snakemake/snp-based-analyses/results/individual_bcf/DanubeCsikii/Female/Suelz_ZFMK-TIS-66172.bcf
        
        (command exited with non-zero exit code)
RuleException:
CalledProcessError in file "/home/toriowo/Snakemake_projects/sexfindr-snakemake/snp-based-analyses/workflow/rules/03-extract-sample-bcf.smk", line 51:
Command 'set -euo pipefail;  
        mkdir -p $(dirname /home/toriowo/Snakemake_projects/sexfindr-snakemake/snp-based-analyses/results/individual_bcf/DanubeCsikii/Female/Suelz_ZFMK-TIS-66201.bcf)
        bcftools view -a -s Suelz_ZFMK-TIS-66201 --threads 4 -O b -o /home/toriowo/Snakemake_projects/sexfindr-snakemake/snp-based-analyses/results/individual_bcf/DanubeCsikii/Female/Suelz_ZFMK-TIS-66201.bcf /home/toriowo/SNAKEMAKE/Variant_calling_pipeline/haplome_one_results/DanubeCsikii/Filtered/DanubeCsikii_allChromosomes.filtered.norm.bcf
        bcftools index /home/toriowo/Snakemake_projects/sexfindr-snakemake/snp-based-analyses/results/individual_bcf/DanubeCsikii/Female/Suelz_ZFMK-TIS-66201.bcf' returned non-zero exit status 255.
[Wed Jul 16 16:14:31 2025]
Error in rule extract_individual_bcfs_female:
    message: None
    jobid: 76
    input: /home/toriowo/SNAKEMAKE/Variant_calling_pipeline/haplome_one_results/DanubeCsikii/Filtered/DanubeCsikii_allChromosomes.filtered.norm.bcf
    output: /home/toriowo/Snakemake_projects/sexfindr-snakemake/snp-based-analyses/results/individual_bcf/DanubeCsikii/Female/Suelz_ZFMK-TIS-66201.bcf
    shell:
        
        mkdir -p $(dirname /home/toriowo/Snakemake_projects/sexfindr-snakemake/snp-based-analyses/results/individual_bcf/DanubeCsikii/Female/Suelz_ZFMK-TIS-66201.bcf)
        bcftools view -a -s Suelz_ZFMK-TIS-66201 --threads 4 -O b -o /home/toriowo/Snakemake_projects/sexfindr-snakemake/snp-based-analyses/results/individual_bcf/DanubeCsikii/Female/Suelz_ZFMK-TIS-66201.bcf /home/toriowo/SNAKEMAKE/Variant_calling_pipeline/haplome_one_results/DanubeCsikii/Filtered/DanubeCsikii_allChromosomes.filtered.norm.bcf
        bcftools index /home/toriowo/Snakemake_projects/sexfindr-snakemake/snp-based-analyses/results/individual_bcf/DanubeCsikii/Female/Suelz_ZFMK-TIS-66201.bcf
        
        (command exited with non-zero exit code)
RuleException:
CalledProcessError in file "/home/toriowo/Snakemake_projects/sexfindr-snakemake/snp-based-analyses/workflow/rules/03-extract-sample-bcf.smk", line 38:
Command 'set -euo pipefail;  
        mkdir -p $(dirname /home/toriowo/Snakemake_projects/sexfindr-snakemake/snp-based-analyses/results/individual_bcf/RhinePhoxinus/Male/Main_Lauer-AM42.bcf)
        bcftools view -a -s Main_Lauer-AM42 --threads 4 -O b -o /home/toriowo/Snakemake_projects/sexfindr-snakemake/snp-based-analyses/results/individual_bcf/RhinePhoxinus/Male/Main_Lauer-AM42.bcf /home/toriowo/SNAKEMAKE/Variant_calling_pipeline/haplome_one_results/RhinePhoxinus/Filtered/RhinePhoxinus_allChromosomes.filtered.norm.bcf
        bcftools index /home/toriowo/Snakemake_projects/sexfindr-snakemake/snp-based-analyses/results/individual_bcf/RhinePhoxinus/Male/Main_Lauer-AM42.bcf' returned non-zero exit status 255.
[Wed Jul 16 16:14:31 2025]
Error in rule extract_individual_bcfs_male:
    message: None
    jobid: 20
    input: /home/toriowo/SNAKEMAKE/Variant_calling_pipeline/haplome_one_results/RhinePhoxinus/Filtered/RhinePhoxinus_allChromosomes.filtered.norm.bcf
    output: /home/toriowo/Snakemake_projects/sexfindr-snakemake/snp-based-analyses/results/individual_bcf/RhinePhoxinus/Male/Main_Lauer-AM42.bcf
    shell:
        
        mkdir -p $(dirname /home/toriowo/Snakemake_projects/sexfindr-snakemake/snp-based-analyses/results/individual_bcf/RhinePhoxinus/Male/Main_Lauer-AM42.bcf)
        bcftools view -a -s Main_Lauer-AM42 --threads 4 -O b -o /home/toriowo/Snakemake_projects/sexfindr-snakemake/snp-based-analyses/results/individual_bcf/RhinePhoxinus/Male/Main_Lauer-AM42.bcf /home/toriowo/SNAKEMAKE/Variant_calling_pipeline/haplome_one_results/RhinePhoxinus/Filtered/RhinePhoxinus_allChromosomes.filtered.norm.bcf
        bcftools index /home/toriowo/Snakemake_projects/sexfindr-snakemake/snp-based-analyses/results/individual_bcf/RhinePhoxinus/Male/Main_Lauer-AM42.bcf
        
        (command exited with non-zero exit code)
[Wed Jul 16 16:16:13 2025]
Finished jobid: 48 (Rule: extract_individual_bcfs_female)
1 of 85 steps (1%) done
: False 83
[Wed Jul 16 16:16:14 2025]
Finished jobid: 49 (Rule: extract_individual_bcfs_female)
2 of 85 steps (2%) done
: False 82
[Wed Jul 16 16:16:15 2025]
Finished jobid: 46 (Rule: extract_individual_bcfs_female)
3 of 85 steps (4%) done
: False 81
Shutting down, this might take some time.
Exiting because a job execution failed. Look below for error messages
[Wed Jul 16 16:16:15 2025]
Error in rule extract_individual_bcfs_female:
    message: None
    jobid: 75
    input: /home/toriowo/SNAKEMAKE/Variant_calling_pipeline/haplome_one_results/DanubeCsikii/Filtered/DanubeCsikii_allChromosomes.filtered.norm.bcf
    output: /home/toriowo/Snakemake_projects/sexfindr-snakemake/snp-based-analyses/results/individual_bcf/DanubeCsikii/Female/Suelz_ZFMK-TIS-66172.bcf
    shell:
        
        mkdir -p $(dirname /home/toriowo/Snakemake_projects/sexfindr-snakemake/snp-based-analyses/results/individual_bcf/DanubeCsikii/Female/Suelz_ZFMK-TIS-66172.bcf)
        bcftools view -a -s Suelz_ZFMK-TIS-66172 --threads 4 -O b -o /home/toriowo/Snakemake_projects/sexfindr-snakemake/snp-based-analyses/results/individual_bcf/DanubeCsikii/Female/Suelz_ZFMK-TIS-66172.bcf /home/toriowo/SNAKEMAKE/Variant_calling_pipeline/haplome_one_results/DanubeCsikii/Filtered/DanubeCsikii_allChromosomes.filtered.norm.bcf
        bcftools index /home/toriowo/Snakemake_projects/sexfindr-snakemake/snp-based-analyses/results/individual_bcf/DanubeCsikii/Female/Suelz_ZFMK-TIS-66172.bcf
        
        (command exited with non-zero exit code)
[Wed Jul 16 16:16:15 2025]
Error in rule extract_individual_bcfs_male:
    message: None
    jobid: 20
    input: /home/toriowo/SNAKEMAKE/Variant_calling_pipeline/haplome_one_results/RhinePhoxinus/Filtered/RhinePhoxinus_allChromosomes.filtered.norm.bcf
    output: /home/toriowo/Snakemake_projects/sexfindr-snakemake/snp-based-analyses/results/individual_bcf/RhinePhoxinus/Male/Main_Lauer-AM42.bcf
    shell:
        
        mkdir -p $(dirname /home/toriowo/Snakemake_projects/sexfindr-snakemake/snp-based-analyses/results/individual_bcf/RhinePhoxinus/Male/Main_Lauer-AM42.bcf)
        bcftools view -a -s Main_Lauer-AM42 --threads 4 -O b -o /home/toriowo/Snakemake_projects/sexfindr-snakemake/snp-based-analyses/results/individual_bcf/RhinePhoxinus/Male/Main_Lauer-AM42.bcf /home/toriowo/SNAKEMAKE/Variant_calling_pipeline/haplome_one_results/RhinePhoxinus/Filtered/RhinePhoxinus_allChromosomes.filtered.norm.bcf
        bcftools index /home/toriowo/Snakemake_projects/sexfindr-snakemake/snp-based-analyses/results/individual_bcf/RhinePhoxinus/Male/Main_Lauer-AM42.bcf
        
        (command exited with non-zero exit code)
[Wed Jul 16 16:16:15 2025]
Error in rule extract_individual_bcfs_male:
    message: None
    jobid: 19
    input: /home/toriowo/SNAKEMAKE/Variant_calling_pipeline/haplome_one_results/RhinePhoxinus/Filtered/RhinePhoxinus_allChromosomes.filtered.norm.bcf
    output: /home/toriowo/Snakemake_projects/sexfindr-snakemake/snp-based-analyses/results/individual_bcf/RhinePhoxinus/Male/Main_Lauer-AM41.bcf
    shell:
        
        mkdir -p $(dirname /home/toriowo/Snakemake_projects/sexfindr-snakemake/snp-based-analyses/results/individual_bcf/RhinePhoxinus/Male/Main_Lauer-AM41.bcf)
        bcftools view -a -s Main_Lauer-AM41 --threads 4 -O b -o /home/toriowo/Snakemake_projects/sexfindr-snakemake/snp-based-analyses/results/individual_bcf/RhinePhoxinus/Male/Main_Lauer-AM41.bcf /home/toriowo/SNAKEMAKE/Variant_calling_pipeline/haplome_one_results/RhinePhoxinus/Filtered/RhinePhoxinus_allChromosomes.filtered.norm.bcf
        bcftools index /home/toriowo/Snakemake_projects/sexfindr-snakemake/snp-based-analyses/results/individual_bcf/RhinePhoxinus/Male/Main_Lauer-AM41.bcf
        
        (command exited with non-zero exit code)
[Wed Jul 16 16:16:15 2025]
Error in rule extract_individual_bcfs_female:
    message: None
    jobid: 76
    input: /home/toriowo/SNAKEMAKE/Variant_calling_pipeline/haplome_one_results/DanubeCsikii/Filtered/DanubeCsikii_allChromosomes.filtered.norm.bcf
    output: /home/toriowo/Snakemake_projects/sexfindr-snakemake/snp-based-analyses/results/individual_bcf/DanubeCsikii/Female/Suelz_ZFMK-TIS-66201.bcf
    shell:
        
        mkdir -p $(dirname /home/toriowo/Snakemake_projects/sexfindr-snakemake/snp-based-analyses/results/individual_bcf/DanubeCsikii/Female/Suelz_ZFMK-TIS-66201.bcf)
        bcftools view -a -s Suelz_ZFMK-TIS-66201 --threads 4 -O b -o /home/toriowo/Snakemake_projects/sexfindr-snakemake/snp-based-analyses/results/individual_bcf/DanubeCsikii/Female/Suelz_ZFMK-TIS-66201.bcf /home/toriowo/SNAKEMAKE/Variant_calling_pipeline/haplome_one_results/DanubeCsikii/Filtered/DanubeCsikii_allChromosomes.filtered.norm.bcf
        bcftools index /home/toriowo/Snakemake_projects/sexfindr-snakemake/snp-based-analyses/results/individual_bcf/DanubeCsikii/Female/Suelz_ZFMK-TIS-66201.bcf
        
        (command exited with non-zero exit code)
Complete log(s): /home/toriowo/Snakemake_projects/sexfindr-snakemake/snp-based-analyses/.snakemake/log/2025-07-16T161430.816875.snakemake.log
unlocking
removing lock
removing lock
removed all locks
Full Traceback (most recent call last):
  File "/home/toriowo/.conda/envs/snakemake/lib/python3.12/site-packages/snakemake/cli.py", line 2165, in args_to_api
    dag_api.execute_workflow(
  File "/home/toriowo/.conda/envs/snakemake/lib/python3.12/site-packages/snakemake/api.py", line 603, in execute_workflow
    workflow.execute(
  File "/home/toriowo/.conda/envs/snakemake/lib/python3.12/site-packages/snakemake/workflow.py", line 1451, in execute
    raise WorkflowError("At least one job did not complete successfully.")
snakemake_interface_common.exceptions.WorkflowError: At least one job did not complete successfully.

WorkflowError:
At least one job did not complete successfully.
