Assuming unrestricted shared filesystem usage.
None
host: compute-0-4.local
Building DAG of jobs...
Need to rerun job all because job run_gemma has to be rerun.
results/snp_gwas/gwas/DanubeCsikii/output/DanubeCsikii_GEMMA.assoc.txt: True 0
: False 1
shared_storage_local_copies: True
remote_exec: False
Submitting maximum 100 job(s) over 1.0 second(s).
Using shell: /bin/bash
Provided cores: 20
Rules claiming more threads will be scaled down.
Job stats:
job          count
---------  -------
all              1
run_gemma        1
total            2

Resources before job selection: {'_cores': 20, '_nodes': 9223372036854775807, '_job_count': 9223372036854775807}
Ready jobs: 1
Select jobs to execute...
Selecting jobs to run using greedy solver.
Selected jobs: 1
Resources after job selection: {'_cores': 19, '_nodes': 9223372036854775806, '_job_count': 100}
Execute 1 jobs...
[Wed Jul 16 22:47:15 2025]
localrule run_gemma:
    input: results/snp_gwas/bed_files/DanubeCsikii/DanubeCsikii.bed, results/snp_gwas/bed_files/DanubeCsikii/DanubeCsikii.bim, results/snp_gwas/bed_files/DanubeCsikii/DanubeCsikii.fam
    output: results/snp_gwas/gwas/DanubeCsikii/output/DanubeCsikii_GEMMA.assoc.txt
    jobid: 3
    reason: Missing output files: results/snp_gwas/gwas/DanubeCsikii/output/DanubeCsikii_GEMMA.assoc.txt; Code has changed since last execution
    wildcards: gwas_output_dir=results/snp_gwas/gwas, species=DanubeCsikii
    resources: tmpdir=/tmp/1974584.1.medium.q, mem_mb=8000, mem_mib=7630
Shell command: 
        mkdir -p results/snp_gwas/gwas/DanubeCsikii/output

        cd results/snp_gwas/gwas/DanubeCsikii

        gemma -bfile results/snp_gwas/bed_files/DanubeCsikii/DanubeCsikii -lm 2 -o DanubeCsikii_GEMMA > /home/toriowo/Snakemake_projects/sexfindr-snakemake/snp-based-analyses/results/DanubeCsikii_gemma.log 2>&1

        
Waiting for running jobs to complete.
Full Traceback (most recent call last):
  File "/home/toriowo/.conda/envs/snakemake/lib/python3.12/site-packages/snakemake/executors/local.py", line 425, in run_wrapper
    run(
  File "/home/toriowo/Snakemake_projects/sexfindr-snakemake/snp-based-analyses/workflow/rules/05-snp-gwas.smk", line 139, in __rule_run_gemma
  File "/home/toriowo/.conda/envs/snakemake/lib/python3.12/site-packages/snakemake/shell.py", line 358, in __new__
    raise sp.CalledProcessError(retcode, cmd)
subprocess.CalledProcessError: Command 'set -euo pipefail;  
        mkdir -p results/snp_gwas/gwas/DanubeCsikii/output

        cd results/snp_gwas/gwas/DanubeCsikii

        gemma -bfile results/snp_gwas/bed_files/DanubeCsikii/DanubeCsikii -lm 2 -o DanubeCsikii_GEMMA > /home/toriowo/Snakemake_projects/sexfindr-snakemake/snp-based-analyses/results/DanubeCsikii_gemma.log 2>&1' returned non-zero exit status 1.

Full Traceback (most recent call last):
  File "/home/toriowo/.conda/envs/snakemake/lib/python3.12/site-packages/snakemake/executors/local.py", line 425, in run_wrapper
    run(
  File "/home/toriowo/Snakemake_projects/sexfindr-snakemake/snp-based-analyses/workflow/rules/05-snp-gwas.smk", line 139, in __rule_run_gemma
  File "/home/toriowo/.conda/envs/snakemake/lib/python3.12/site-packages/snakemake/shell.py", line 358, in __new__
    raise sp.CalledProcessError(retcode, cmd)
subprocess.CalledProcessError: Command 'set -euo pipefail;  
        mkdir -p results/snp_gwas/gwas/DanubeCsikii/output

        cd results/snp_gwas/gwas/DanubeCsikii

        gemma -bfile results/snp_gwas/bed_files/DanubeCsikii/DanubeCsikii -lm 2 -o DanubeCsikii_GEMMA > /home/toriowo/Snakemake_projects/sexfindr-snakemake/snp-based-analyses/results/DanubeCsikii_gemma.log 2>&1' returned non-zero exit status 1.

During handling of the above exception, another exception occurred:

Traceback (most recent call last):
  File "/home/toriowo/.conda/envs/snakemake/lib/python3.12/concurrent/futures/thread.py", line 59, in run
    result = self.fn(*self.args, **self.kwargs)
             ^^^^^^^^^^^^^^^^^^^^^^^^^^^^^^^^^^
  File "/home/toriowo/.conda/envs/snakemake/lib/python3.12/site-packages/snakemake/executors/local.py", line 247, in cached_or_run
    run_func(*args)
  File "/home/toriowo/.conda/envs/snakemake/lib/python3.12/site-packages/snakemake/executors/local.py", line 461, in run_wrapper
    raise RuleException(
snakemake.exceptions.RuleException: CalledProcessError in file "/home/toriowo/Snakemake_projects/sexfindr-snakemake/snp-based-analyses/workflow/rules/05-snp-gwas.smk", line 71:
Command 'set -euo pipefail;  
        mkdir -p results/snp_gwas/gwas/DanubeCsikii/output

        cd results/snp_gwas/gwas/DanubeCsikii

        gemma -bfile results/snp_gwas/bed_files/DanubeCsikii/DanubeCsikii -lm 2 -o DanubeCsikii_GEMMA > /home/toriowo/Snakemake_projects/sexfindr-snakemake/snp-based-analyses/results/DanubeCsikii_gemma.log 2>&1' returned non-zero exit status 1.

RuleException:
CalledProcessError in file "/home/toriowo/Snakemake_projects/sexfindr-snakemake/snp-based-analyses/workflow/rules/05-snp-gwas.smk", line 71:
Command 'set -euo pipefail;  
        mkdir -p results/snp_gwas/gwas/DanubeCsikii/output

        cd results/snp_gwas/gwas/DanubeCsikii

        gemma -bfile results/snp_gwas/bed_files/DanubeCsikii/DanubeCsikii -lm 2 -o DanubeCsikii_GEMMA > /home/toriowo/Snakemake_projects/sexfindr-snakemake/snp-based-analyses/results/DanubeCsikii_gemma.log 2>&1' returned non-zero exit status 1.
[Wed Jul 16 22:47:15 2025]
Error in rule run_gemma:
    message: None
    jobid: 3
    input: results/snp_gwas/bed_files/DanubeCsikii/DanubeCsikii.bed, results/snp_gwas/bed_files/DanubeCsikii/DanubeCsikii.bim, results/snp_gwas/bed_files/DanubeCsikii/DanubeCsikii.fam
    output: results/snp_gwas/gwas/DanubeCsikii/output/DanubeCsikii_GEMMA.assoc.txt
    shell:
        
        mkdir -p results/snp_gwas/gwas/DanubeCsikii/output

        cd results/snp_gwas/gwas/DanubeCsikii

        gemma -bfile results/snp_gwas/bed_files/DanubeCsikii/DanubeCsikii -lm 2 -o DanubeCsikii_GEMMA > /home/toriowo/Snakemake_projects/sexfindr-snakemake/snp-based-analyses/results/DanubeCsikii_gemma.log 2>&1

        
        (command exited with non-zero exit code)
Shutting down, this might take some time.
Exiting because a job execution failed. Look below for error messages
[Wed Jul 16 22:47:15 2025]
Error in rule run_gemma:
    message: None
    jobid: 3
    input: results/snp_gwas/bed_files/DanubeCsikii/DanubeCsikii.bed, results/snp_gwas/bed_files/DanubeCsikii/DanubeCsikii.bim, results/snp_gwas/bed_files/DanubeCsikii/DanubeCsikii.fam
    output: results/snp_gwas/gwas/DanubeCsikii/output/DanubeCsikii_GEMMA.assoc.txt
    shell:
        
        mkdir -p results/snp_gwas/gwas/DanubeCsikii/output

        cd results/snp_gwas/gwas/DanubeCsikii

        gemma -bfile results/snp_gwas/bed_files/DanubeCsikii/DanubeCsikii -lm 2 -o DanubeCsikii_GEMMA > /home/toriowo/Snakemake_projects/sexfindr-snakemake/snp-based-analyses/results/DanubeCsikii_gemma.log 2>&1

        
        (command exited with non-zero exit code)
Complete log(s): /home/toriowo/Snakemake_projects/sexfindr-snakemake/snp-based-analyses/.snakemake/log/2025-07-16T224715.265677.snakemake.log
unlocking
removing lock
removing lock
removed all locks
Full Traceback (most recent call last):
  File "/home/toriowo/.conda/envs/snakemake/lib/python3.12/site-packages/snakemake/cli.py", line 2165, in args_to_api
    dag_api.execute_workflow(
  File "/home/toriowo/.conda/envs/snakemake/lib/python3.12/site-packages/snakemake/api.py", line 603, in execute_workflow
    workflow.execute(
  File "/home/toriowo/.conda/envs/snakemake/lib/python3.12/site-packages/snakemake/workflow.py", line 1451, in execute
    raise WorkflowError("At least one job did not complete successfully.")
snakemake_interface_common.exceptions.WorkflowError: At least one job did not complete successfully.

WorkflowError:
At least one job did not complete successfully.
