Config file ./config/config.yaml is extended by additional config specified via the command line.
Building DAG of jobs...
Creating conda environment workflow/envs/fst_env.yaml...
Downloading and installing remote packages.
Full Traceback (most recent call last):
  File "/home/toriowo/.conda/envs/snakemake/lib/python3.10/site-packages/snakemake/deployment/conda.py", line 590, in create
    out = create_env(env_file, filetype="yaml")
  File "/home/toriowo/.conda/envs/snakemake/lib/python3.10/site-packages/snakemake/deployment/conda.py", line 552, in create_env
    out = shell.check_output(
  File "/home/toriowo/.conda/envs/snakemake/lib/python3.10/site-packages/snakemake/shell.py", line 63, in check_output
    return sp.check_output(cmd, shell=True, executable=executable, **kwargs)
  File "/home/toriowo/.conda/envs/snakemake/lib/python3.10/subprocess.py", line 421, in check_output
    return run(*popenargs, stdout=PIPE, timeout=timeout, check=True,
  File "/home/toriowo/.conda/envs/snakemake/lib/python3.10/subprocess.py", line 526, in run
    raise CalledProcessError(retcode, process.args,
subprocess.CalledProcessError: Command 'mamba env create --quiet --file "/home/toriowo/Snakemake_projects/sexfindr-snakemake/snp-based-analyses/.snakemake/conda/1f27bc0a0c9364d6f6f868002837dcb1_.yaml" --prefix "/home/toriowo/Snakemake_projects/sexfindr-snakemake/snp-based-analyses/.snakemake/conda/1f27bc0a0c9364d6f6f868002837dcb1_"' returned non-zero exit status 1.

During handling of the above exception, another exception occurred:

Traceback (most recent call last):
  File "/home/toriowo/.conda/envs/snakemake/lib/python3.10/site-packages/snakemake/__init__.py", line 733, in snakemake
    success = workflow.execute(
  File "/home/toriowo/.conda/envs/snakemake/lib/python3.10/site-packages/snakemake/workflow.py", line 923, in execute
    dag.create_conda_envs(
  File "/home/toriowo/.conda/envs/snakemake/lib/python3.10/site-packages/snakemake/dag.py", line 319, in create_conda_envs
    env.create(dryrun)
  File "/home/toriowo/.conda/envs/snakemake/lib/python3.10/site-packages/snakemake/deployment/conda.py", line 609, in create
    raise CreateCondaEnvironmentException(
snakemake.exceptions.CreateCondaEnvironmentException: Could not create conda environment from /home/toriowo/Snakemake_projects/sexfindr-snakemake/snp-based-analyses/workflow/envs/fst_env.yaml:
Command:
mamba env create --quiet --file "/home/toriowo/Snakemake_projects/sexfindr-snakemake/snp-based-analyses/.snakemake/conda/1f27bc0a0c9364d6f6f868002837dcb1_.yaml" --prefix "/home/toriowo/Snakemake_projects/sexfindr-snakemake/snp-based-analyses/.snakemake/conda/1f27bc0a0c9364d6f6f868002837dcb1_"
Output:
warning  libmamba Cache file "/home/toriowo/.conda/pkgs/cache/ffeee55f.json" was modified by another program
warning  libmamba Cache file "/home/toriowo/.conda/pkgs/cache/2a957770.json" was modified by another program
warning  libmamba Cache file "/home/toriowo/.conda/pkgs/cache/497deca9.json" was modified by another program
warning  libmamba Cache file "/home/toriowo/.conda/pkgs/cache/09cdf8bf.json" was modified by another program
warning  libmamba Cache file "/home/toriowo/.conda/pkgs/cache/47929eba.json" was modified by another program
warning  libmamba Cache file "/home/toriowo/.conda/pkgs/cache/3e39a7aa.json" was modified by another program
warning  libmamba Cache file "/home/toriowo/.conda/pkgs/cache/2ce54b42.json" was modified by another program
warning  libmamba Cache file "/home/toriowo/.conda/pkgs/cache/4ea078d6.json" was modified by another program

# >>>>>>>>>>>>>>>>>>>>>> ERROR REPORT <<<<<<<<<<<<<<<<<<<<<<

    Traceback (most recent call last):
      File "/home/toriowo/.conda/envs/snakemake/lib/python3.10/site-packages/conda/exceptions.py", line 1118, in __call__
        return func(*args, **kwargs)
      File "/home/toriowo/.conda/envs/snakemake/lib/python3.10/site-packages/conda_env/cli/main.py", line 78, in do_call
        exit_code = getattr(module, func_name)(args, parser)
      File "/home/toriowo/.conda/envs/snakemake/lib/python3.10/site-packages/conda/notices/core.py", line 109, in wrapper
        return func(*args, **kwargs)
      File "/home/toriowo/.conda/envs/snakemake/lib/python3.10/site-packages/conda_env/cli/main_create.py", line 154, in execute
        result[installer_type] = installer.install(prefix, pkg_specs, args, env)
      File "/home/toriowo/.conda/envs/snakemake/lib/python3.10/site-packages/mamba/mamba_env.py", line 54, in mamba_install
        index = load_channels(pool, channel_urls, repos, prepend=False)
      File "/home/toriowo/.conda/envs/snakemake/lib/python3.10/site-packages/mamba/utils.py", line 126, in load_channels
        index = get_index(
      File "/home/toriowo/.conda/envs/snakemake/lib/python3.10/site-packages/mamba/utils.py", line 107, in get_index
        is_downloaded = dlist.download(api.MAMBA_DOWNLOAD_FAILFAST)
    RuntimeError: Download error (7) Couldn't connect to server [https://repo.anaconda.com/pkgs/main/noarch/repodata.json]
    Failed to connect to repo.anaconda.com port 443 after 0 ms: Couldn't connect to server

`$ /home/toriowo/.conda/envs/snakemake/bin/mamba create --quiet --file /home/toriowo/Snakemake_projects/sexfindr-snakemake/snp-based-analyses/.snakemake/conda/1f27bc0a0c9364d6f6f868002837dcb1_.yaml --prefix /home/toriowo/Snakemake_projects/sexfindr-snakemake/snp-based-analyses/.snakemake/conda/1f27bc0a0c9364d6f6f868002837dcb1_`

  environment variables:
                 CIO_TEST=<not set>
  CONDA_AUTO_UPDATE_CONDA=false
        CONDA_DEFAULT_ENV=snakemake
                CONDA_EXE=/share/scientific_bin/miniforge/24.7.1-0/bin/conda
             CONDA_PREFIX=/home/toriowo/.conda/envs/snakemake
    CONDA_PROMPT_MODIFIER=(snakemake)
         CONDA_PYTHON_EXE=/share/scientific_bin/miniforge/24.7.1-0/bin/python
               CONDA_ROOT=/home/toriowo/.conda/envs/snakemake
              CONDA_SHLVL=1
           CURL_CA_BUNDLE=<not set>
          LD_LIBRARY_PATH=/share/scientific_bin/miniforge/24.7.1-0/lib:/opt/gridengine/lib/lx-
                          amd64:/opt/openmpi/lib
               LD_PRELOAD=<not set>
                  LIBPATH=/share/scientific_bin/miniforge/24.7.1-0/lib
                  MANPATH=/share/scientific_bin/miniforge/24.7.1-
                          0/share/man:/share/scientific_bin/miniforge/24.7.1-
                          0/man:/usr/share/man:/usr/local/share/man
               MODULEPATH=/usr/share/Modules/modulefiles:/etc/modulefiles:/opt/modulefiles/assem
                          bler:/opt/modulefiles/tree:/opt/modulefiles/libs:/opt/modulefiles/tool
                          s
                     PATH=/home/toriowo/.conda/envs/snakemake/bin:/share/scientific_bin/miniforg
                          e/24.7.1-0/condabin:/share/scientific_bin/miniforge/24.7.1-
                          0/sbin:/share/scientific_bin/miniforge/24.7.1-
                          0/bin:/share/scientific_bin/miniforge/24.7.1-
                          0:/opt/openmpi/bin:/tmp/1974085.1.medium.q:/usr/local/bin:/bin:/usr/bi
                          n:/usr/local/sbin:/usr/sbin:/opt/ganglia/bin:/opt/ganglia/sbin:/opt/ro
                          cks/bin:/opt/rocks/sbin:/opt/condor/bin:/opt/condor/sbin:/opt/gridengi
                          ne/bin/lx-amd64
          PKG_CONFIG_PATH=/share/scientific_bin/miniforge/24.7.1-0/lib/pkgconfig
       REQUESTS_CA_BUNDLE=<not set>
          SGE_BINARY_PATH=/opt/gridengine/bin/lx-amd64
             SGE_CWD_PATH=/home/toriowo/Projects/ncbi_sexdet_mitogenome_submission/mitogenomes
               SGE_O_PATH=/share/scientific_bin/miniforge/24.7.1-
                          0/sbin:/share/scientific_bin/miniforge/24.7.1-
                          0/bin:/share/scientific_bin/miniforge/24.7.1-
                          0:/home/toriowo/.conda/envs/python2/bin:/home/toriowo/.conda/envs/Snak
                          emake/condabin:/home/toriowo/bin:/home/toriowo/.conda/envs/AMAS/bin:/h
                          ome/toriowo/.conda/envs/Snakemake/condabin:/home/toriowo/.vscode-
                          server/bin/8b3775030ed1a69b13e4f4c628c612102e30a681/bin/remote-cli:/ho
                          me/toriowo/bin:/opt/openmpi/bin:/usr/lib64/qt-
                          3.3/bin:/usr/bin:/bin:/usr/sbin:/sbin:/opt/ganglia/bin:/opt/ganglia/sb
                          in:/opt/ibutils/bin:/opt/pdsh/bin:/opt/rocks/bin:/opt/rocks/sbin:/opt/
                          condor/bin:/opt/condor/sbin:/opt/gridengine/bin/lx-amd64:/home/toriowo
                          /Tools/Mitofinder/MitoFinder:/usr/local/sbin:/home/toriowo/Tools/Mitof
                          inder/MitoFinder
          SGE_STDERR_PATH=/home/toriowo/Snakemake_projects/sexfindr-snakemake/snp-based-
                          analyses/workflow/logs/Snakemake_run.e1974085
           SGE_STDIN_PATH=/dev/null
          SGE_STDOUT_PATH=/home/toriowo/Snakemake_projects/sexfindr-snakemake/snp-based-
                          analyses/workflow/logs/Snakemake_run.o1974085
            SSL_CERT_FILE=<not set>

     active environment : base
    active env location : /home/toriowo/.conda/envs/snakemake
            shell level : 1
       user config file : /home/toriowo/.condarc
 populated config files : /home/toriowo/.condarc
          conda version : 22.11.1
    conda-build version : not installed
         python version : 3.10.13.final.0
       virtual packages : __archspec=1=x86_64
                          __glibc=2.17=0
                          __linux=3.10.0=0
                          __unix=0=0
       base environment : /home/toriowo/.conda/envs/snakemake  (writable)
      conda av data dir : /home/toriowo/.conda/envs/snakemake/etc/conda
  conda av metadata url : None
           channel URLs : https://conda.anaconda.org/conda-forge/linux-64
                          https://conda.anaconda.org/conda-forge/noarch
                          https://conda.anaconda.org/bioconda/linux-64
                          https://conda.anaconda.org/bioconda/noarch
          package cache : /home/toriowo/.conda/envs/snakemake/pkgs
                          /home/toriowo/.conda/pkgs
       envs directories : /home/toriowo/.conda/envs/snakemake/envs
                          /home/toriowo/.conda/envs
               platform : linux-64
             user-agent : conda/22.11.1 requests/2.28.1 CPython/3.10.13 Linux/3.10.0-1160.105.1.el7.x86_64 centos/7.9.2009 glibc/2.17
                UID:GID : 1079:1081
             netrc file : None
           offline mode : False


An unexpected error has occurred. Conda has prepared the above report.



CreateCondaEnvironmentException:
Could not create conda environment from /home/toriowo/Snakemake_projects/sexfindr-snakemake/snp-based-analyses/workflow/envs/fst_env.yaml:
Command:
mamba env create --quiet --file "/home/toriowo/Snakemake_projects/sexfindr-snakemake/snp-based-analyses/.snakemake/conda/1f27bc0a0c9364d6f6f868002837dcb1_.yaml" --prefix "/home/toriowo/Snakemake_projects/sexfindr-snakemake/snp-based-analyses/.snakemake/conda/1f27bc0a0c9364d6f6f868002837dcb1_"
Output:
warning  libmamba Cache file "/home/toriowo/.conda/pkgs/cache/ffeee55f.json" was modified by another program
warning  libmamba Cache file "/home/toriowo/.conda/pkgs/cache/2a957770.json" was modified by another program
warning  libmamba Cache file "/home/toriowo/.conda/pkgs/cache/497deca9.json" was modified by another program
warning  libmamba Cache file "/home/toriowo/.conda/pkgs/cache/09cdf8bf.json" was modified by another program
warning  libmamba Cache file "/home/toriowo/.conda/pkgs/cache/47929eba.json" was modified by another program
warning  libmamba Cache file "/home/toriowo/.conda/pkgs/cache/3e39a7aa.json" was modified by another program
warning  libmamba Cache file "/home/toriowo/.conda/pkgs/cache/2ce54b42.json" was modified by another program
warning  libmamba Cache file "/home/toriowo/.conda/pkgs/cache/4ea078d6.json" was modified by another program

# >>>>>>>>>>>>>>>>>>>>>> ERROR REPORT <<<<<<<<<<<<<<<<<<<<<<

    Traceback (most recent call last):
      File "/home/toriowo/.conda/envs/snakemake/lib/python3.10/site-packages/conda/exceptions.py", line 1118, in __call__
        return func(*args, **kwargs)
      File "/home/toriowo/.conda/envs/snakemake/lib/python3.10/site-packages/conda_env/cli/main.py", line 78, in do_call
        exit_code = getattr(module, func_name)(args, parser)
      File "/home/toriowo/.conda/envs/snakemake/lib/python3.10/site-packages/conda/notices/core.py", line 109, in wrapper
        return func(*args, **kwargs)
      File "/home/toriowo/.conda/envs/snakemake/lib/python3.10/site-packages/conda_env/cli/main_create.py", line 154, in execute
        result[installer_type] = installer.install(prefix, pkg_specs, args, env)
      File "/home/toriowo/.conda/envs/snakemake/lib/python3.10/site-packages/mamba/mamba_env.py", line 54, in mamba_install
        index = load_channels(pool, channel_urls, repos, prepend=False)
      File "/home/toriowo/.conda/envs/snakemake/lib/python3.10/site-packages/mamba/utils.py", line 126, in load_channels
        index = get_index(
      File "/home/toriowo/.conda/envs/snakemake/lib/python3.10/site-packages/mamba/utils.py", line 107, in get_index
        is_downloaded = dlist.download(api.MAMBA_DOWNLOAD_FAILFAST)
    RuntimeError: Download error (7) Couldn't connect to server [https://repo.anaconda.com/pkgs/main/noarch/repodata.json]
    Failed to connect to repo.anaconda.com port 443 after 0 ms: Couldn't connect to server

`$ /home/toriowo/.conda/envs/snakemake/bin/mamba create --quiet --file /home/toriowo/Snakemake_projects/sexfindr-snakemake/snp-based-analyses/.snakemake/conda/1f27bc0a0c9364d6f6f868002837dcb1_.yaml --prefix /home/toriowo/Snakemake_projects/sexfindr-snakemake/snp-based-analyses/.snakemake/conda/1f27bc0a0c9364d6f6f868002837dcb1_`

  environment variables:
                 CIO_TEST=<not set>
  CONDA_AUTO_UPDATE_CONDA=false
        CONDA_DEFAULT_ENV=snakemake
                CONDA_EXE=/share/scientific_bin/miniforge/24.7.1-0/bin/conda
             CONDA_PREFIX=/home/toriowo/.conda/envs/snakemake
    CONDA_PROMPT_MODIFIER=(snakemake)
         CONDA_PYTHON_EXE=/share/scientific_bin/miniforge/24.7.1-0/bin/python
               CONDA_ROOT=/home/toriowo/.conda/envs/snakemake
              CONDA_SHLVL=1
           CURL_CA_BUNDLE=<not set>
          LD_LIBRARY_PATH=/share/scientific_bin/miniforge/24.7.1-0/lib:/opt/gridengine/lib/lx-
                          amd64:/opt/openmpi/lib
               LD_PRELOAD=<not set>
                  LIBPATH=/share/scientific_bin/miniforge/24.7.1-0/lib
                  MANPATH=/share/scientific_bin/miniforge/24.7.1-
                          0/share/man:/share/scientific_bin/miniforge/24.7.1-
                          0/man:/usr/share/man:/usr/local/share/man
               MODULEPATH=/usr/share/Modules/modulefiles:/etc/modulefiles:/opt/modulefiles/assem
                          bler:/opt/modulefiles/tree:/opt/modulefiles/libs:/opt/modulefiles/tool
                          s
                     PATH=/home/toriowo/.conda/envs/snakemake/bin:/share/scientific_bin/miniforg
                          e/24.7.1-0/condabin:/share/scientific_bin/miniforge/24.7.1-
                          0/sbin:/share/scientific_bin/miniforge/24.7.1-
                          0/bin:/share/scientific_bin/miniforge/24.7.1-
                          0:/opt/openmpi/bin:/tmp/1974085.1.medium.q:/usr/local/bin:/bin:/usr/bi
                          n:/usr/local/sbin:/usr/sbin:/opt/ganglia/bin:/opt/ganglia/sbin:/opt/ro
                          cks/bin:/opt/rocks/sbin:/opt/condor/bin:/opt/condor/sbin:/opt/gridengi
                          ne/bin/lx-amd64
          PKG_CONFIG_PATH=/share/scientific_bin/miniforge/24.7.1-0/lib/pkgconfig
       REQUESTS_CA_BUNDLE=<not set>
          SGE_BINARY_PATH=/opt/gridengine/bin/lx-amd64
             SGE_CWD_PATH=/home/toriowo/Projects/ncbi_sexdet_mitogenome_submission/mitogenomes
               SGE_O_PATH=/share/scientific_bin/miniforge/24.7.1-
                          0/sbin:/share/scientific_bin/miniforge/24.7.1-
                          0/bin:/share/scientific_bin/miniforge/24.7.1-
                          0:/home/toriowo/.conda/envs/python2/bin:/home/toriowo/.conda/envs/Snak
                          emake/condabin:/home/toriowo/bin:/home/toriowo/.conda/envs/AMAS/bin:/h
                          ome/toriowo/.conda/envs/Snakemake/condabin:/home/toriowo/.vscode-
                          server/bin/8b3775030ed1a69b13e4f4c628c612102e30a681/bin/remote-cli:/ho
                          me/toriowo/bin:/opt/openmpi/bin:/usr/lib64/qt-
                          3.3/bin:/usr/bin:/bin:/usr/sbin:/sbin:/opt/ganglia/bin:/opt/ganglia/sb
                          in:/opt/ibutils/bin:/opt/pdsh/bin:/opt/rocks/bin:/opt/rocks/sbin:/opt/
                          condor/bin:/opt/condor/sbin:/opt/gridengine/bin/lx-amd64:/home/toriowo
                          /Tools/Mitofinder/MitoFinder:/usr/local/sbin:/home/toriowo/Tools/Mitof
                          inder/MitoFinder
          SGE_STDERR_PATH=/home/toriowo/Snakemake_projects/sexfindr-snakemake/snp-based-
                          analyses/workflow/logs/Snakemake_run.e1974085
           SGE_STDIN_PATH=/dev/null
          SGE_STDOUT_PATH=/home/toriowo/Snakemake_projects/sexfindr-snakemake/snp-based-
                          analyses/workflow/logs/Snakemake_run.o1974085
            SSL_CERT_FILE=<not set>

     active environment : base
    active env location : /home/toriowo/.conda/envs/snakemake
            shell level : 1
       user config file : /home/toriowo/.condarc
 populated config files : /home/toriowo/.condarc
          conda version : 22.11.1
    conda-build version : not installed
         python version : 3.10.13.final.0
       virtual packages : __archspec=1=x86_64
                          __glibc=2.17=0
                          __linux=3.10.0=0
                          __unix=0=0
       base environment : /home/toriowo/.conda/envs/snakemake  (writable)
      conda av data dir : /home/toriowo/.conda/envs/snakemake/etc/conda
  conda av metadata url : None
           channel URLs : https://conda.anaconda.org/conda-forge/linux-64
                          https://conda.anaconda.org/conda-forge/noarch
                          https://conda.anaconda.org/bioconda/linux-64
                          https://conda.anaconda.org/bioconda/noarch
          package cache : /home/toriowo/.conda/envs/snakemake/pkgs
                          /home/toriowo/.conda/pkgs
       envs directories : /home/toriowo/.conda/envs/snakemake/envs
                          /home/toriowo/.conda/envs
               platform : linux-64
             user-agent : conda/22.11.1 requests/2.28.1 CPython/3.10.13 Linux/3.10.0-1160.105.1.el7.x86_64 centos/7.9.2009 glibc/2.17
                UID:GID : 1079:1081
             netrc file : None
           offline mode : False


An unexpected error has occurred. Conda has prepared the above report.


unlocking
removing lock
removing lock
removed all locks
