Assuming unrestricted shared filesystem usage.
None
host: compute-0-4.local
Building DAG of jobs...
Full Traceback (most recent call last):
  File "/home/toriowo/.conda/envs/snakemake/lib/python3.12/site-packages/snakemake/dag.py", line 2421, in collect_potential_dependencies
    yield PotentialDependency(file, known_producers[file], True)
                                    ~~~~~~~~~~~~~~~^^^^^^
KeyError: 'results/snp_gwas/pheno_files/DanubeCsikii/DanubeCsikii.pheno.txt'

During handling of the above exception, another exception occurred:

Traceback (most recent call last):
  File "/home/toriowo/.conda/envs/snakemake/lib/python3.12/site-packages/snakemake/rules.py", line 1242, in is_producer
    if o.match(requested_output):
       ^^^^^^^^^^^^^^^^^^^^^^^^^
  File "/home/toriowo/.conda/envs/snakemake/lib/python3.12/site-packages/snakemake/io/__init__.py", line 889, in match
    return self.regex().match(target) or None
           ^^^^^^^^^^^^
  File "/home/toriowo/.conda/envs/snakemake/lib/python3.12/site-packages/snakemake/io/__init__.py", line 868, in regex
    self._regex = re.compile(regex_from_filepattern(self.file))
                  ^^^^^^^^^^^^^^^^^^^^^^^^^^^^^^^^^^^^^^^^^^^^^
  File "/home/toriowo/.conda/envs/snakemake/lib/python3.12/re/__init__.py", line 228, in compile
    return _compile(pattern, flags)
           ^^^^^^^^^^^^^^^^^^^^^^^^
  File "/home/toriowo/.conda/envs/snakemake/lib/python3.12/re/__init__.py", line 307, in _compile
    p = _compiler.compile(pattern, flags)
        ^^^^^^^^^^^^^^^^^^^^^^^^^^^^^^^^^
  File "/home/toriowo/.conda/envs/snakemake/lib/python3.12/re/_compiler.py", line 750, in compile
    p = _parser.parse(p, flags)
        ^^^^^^^^^^^^^^^^^^^^^^^
  File "/home/toriowo/.conda/envs/snakemake/lib/python3.12/re/_parser.py", line 979, in parse
    p = _parse_sub(source, state, flags & SRE_FLAG_VERBOSE, 0)
        ^^^^^^^^^^^^^^^^^^^^^^^^^^^^^^^^^^^^^^^^^^^^^^^^^^^^^^
  File "/home/toriowo/.conda/envs/snakemake/lib/python3.12/re/_parser.py", line 460, in _parse_sub
    itemsappend(_parse(source, state, verbose, nested + 1,
                ^^^^^^^^^^^^^^^^^^^^^^^^^^^^^^^^^^^^^^^^^^
  File "/home/toriowo/.conda/envs/snakemake/lib/python3.12/re/_parser.py", line 726, in _parse
    source.checkgroupname(name, 1)
  File "/home/toriowo/.conda/envs/snakemake/lib/python3.12/re/_parser.py", line 310, in checkgroupname
    raise self.error(msg, len(name) + offset)
re.error: bad character in group name 'wc.species' at position 29

During handling of the above exception, another exception occurred:

Traceback (most recent call last):
  File "/home/toriowo/.conda/envs/snakemake/lib/python3.12/site-packages/snakemake/cli.py", line 2165, in args_to_api
    dag_api.execute_workflow(
  File "/home/toriowo/.conda/envs/snakemake/lib/python3.12/site-packages/snakemake/api.py", line 603, in execute_workflow
    workflow.execute(
  File "/home/toriowo/.conda/envs/snakemake/lib/python3.12/site-packages/snakemake/workflow.py", line 1242, in execute
    self._build_dag()
  File "/home/toriowo/.conda/envs/snakemake/lib/python3.12/site-packages/snakemake/workflow.py", line 1188, in _build_dag
    async_run(self.dag.init())
  File "/home/toriowo/.conda/envs/snakemake/lib/python3.12/site-packages/snakemake/common/__init__.py", line 99, in async_run
    return asyncio.run(coroutine)
           ^^^^^^^^^^^^^^^^^^^^^^
  File "/home/toriowo/.conda/envs/snakemake/lib/python3.12/asyncio/runners.py", line 195, in run
    return runner.run(main)
           ^^^^^^^^^^^^^^^^
  File "/home/toriowo/.conda/envs/snakemake/lib/python3.12/asyncio/runners.py", line 118, in run
    return self._loop.run_until_complete(task)
           ^^^^^^^^^^^^^^^^^^^^^^^^^^^^^^^^^^^
  File "/home/toriowo/.conda/envs/snakemake/lib/python3.12/asyncio/base_events.py", line 691, in run_until_complete
    return future.result()
           ^^^^^^^^^^^^^^^
  File "/home/toriowo/.conda/envs/snakemake/lib/python3.12/site-packages/snakemake/dag.py", line 222, in init
    job = await self.update([job], progress=progress, create_inventory=True)
          ^^^^^^^^^^^^^^^^^^^^^^^^^^^^^^^^^^^^^^^^^^^^^^^^^^^^^^^^^^^^^^^^^^
  File "/home/toriowo/.conda/envs/snakemake/lib/python3.12/site-packages/snakemake/dag.py", line 1120, in update
    await self.update_(
  File "/home/toriowo/.conda/envs/snakemake/lib/python3.12/site-packages/snakemake/dag.py", line 1229, in update_
    potential_dependencies = [
                             ^
  File "/home/toriowo/.conda/envs/snakemake/lib/python3.12/site-packages/snakemake/dag.py", line 2439, in collect_potential_dependencies
    await file2jobs(
  File "/home/toriowo/.conda/envs/snakemake/lib/python3.12/site-packages/snakemake/dag.py", line 2525, in file2jobs
    rules = self.output_index.match_producers(targetfile)
            ^^^^^^^^^^^^^^^^^^^^^^^^^^^^^^^^^^^^^^^^^^^^^
  File "/home/toriowo/.conda/envs/snakemake/lib/python3.12/site-packages/snakemake/output_index.py", line 42, in match_producers
    return {rule for rule in self.match(targetfile) if rule.is_producer(targetfile)}
                                                       ^^^^^^^^^^^^^^^^^^^^^^^^^^^^
  File "/home/toriowo/.conda/envs/snakemake/lib/python3.12/site-packages/snakemake/rules.py", line 1246, in is_producer
    raise IOFileException(
snakemake.exceptions.IOFileException: bad character in group name 'wc.species' at position 29 in wildcard statement

IOFileException in file "/home/toriowo/Snakemake_projects/sexfindr-snakemake/snp-based-analyses/workflow/rules/05-pheno.smk", line 18:
bad character in group name 'wc.species' at position 29 in wildcard statement
